<?xml version="1.0" encoding="UTF-8"?>
<testsuite xmlns:xsi="http://www.w3.org/2001/XMLSchema-instance" xsi:noNamespaceSchemaLocation="https://maven.apache.org/surefire/maven-surefire-plugin/xsd/surefire-test-report-3.0.xsd" version="3.0" name="com.oxyl.epf.dao.impl.MapDaoImplTest" time="0.027" tests="5" errors="0" skipped="0" failures="0">
  <properties>
[...]
</properties>
  <testcase name="testFindAll" classname="com.oxyl.epf.dao.impl.MapDaoImplTest" time="0.003">
    <system-out><![CDATA[16:19:20.994 [main] DEBUG org.springframework.test.context.support.DefaultTestContextBootstrapper -- Using ContextCustomizerFactory implementations for test class [MapDaoImplTest]: [BeanOverrideContextCustomizerFactory, MockServerContainerContextCustomizerFactory, DynamicPropertiesContextCustomizerFactory]
16:19:20.994 [main] DEBUG org.springframework.test.context.support.DefaultTestContextBootstrapper -- Using ContextCustomizers for test class [MapDaoImplTest]: [DynamicPropertiesContextCustomizer]
16:19:20.995 [main] DEBUG org.springframework.test.context.util.TestContextSpringFactoriesUtils -- Skipping candidate TestExecutionListener [org.springframework.test.context.observation.MicrometerObservationRegistryTestExecutionListener] due to a missing dependency. Specify custom TestExecutionListener classes or make the default TestExecutionListener classes and their required dependencies available. Offending class: io.micrometer.context.ThreadLocalAccessor. MicrometerObservationRegistryTestExecutionListener requires io.micrometer:micrometer-observation:1.10.8 or higher and io.micrometer:context-propagation:1.0.3 or higher.
16:19:20.995 [main] DEBUG org.springframework.test.context.support.DefaultTestContextBootstrapper -- Using TestExecutionListeners for test class [MapDaoImplTest]: [ServletTestExecutionListener, DirtiesContextBeforeModesTestExecutionListener, ApplicationEventsTestExecutionListener, BeanOverrideTestExecutionListener, DependencyInjectionTestExecutionListener, DirtiesContextTestExecutionListener, CommonCachesTestExecutionListener, TransactionalTestExecutionListener, SqlScriptsTestExecutionListener, EventPublishingTestExecutionListener, MockitoResetTestExecutionListener]
16:19:20.995 [main] DEBUG org.springframework.test.context.support.DirtiesContextBeforeModesTestExecutionListener -- Before test class: class [MapDaoImplTest], class annotated with @DirtiesContext [false] with mode [null]
16:19:20.995 [main] DEBUG org.springframework.test.context.cache -- Spring test ApplicationContext cache statistics: [DefaultContextCache@1d8e2eea size = 1, maxSize = 32, parentContextCount = 0, hitCount = 93, missCount = 1, failureCount = 0]
16:19:20.996 [main] DEBUG org.springframework.test.context.support.DependencyInjectionTestExecutionListener -- Performing dependency injection for test class com.oxyl.epf.dao.impl.MapDaoImplTest
16:19:20.996 [main] DEBUG org.springframework.test.context.cache -- Spring test ApplicationContext cache statistics: [DefaultContextCache@1d8e2eea size = 1, maxSize = 32, parentContextCount = 0, hitCount = 94, missCount = 1, failureCount = 0]
16:19:20.997 [main] DEBUG org.springframework.test.context.cache -- Spring test ApplicationContext cache statistics: [DefaultContextCache@1d8e2eea size = 1, maxSize = 32, parentContextCount = 0, hitCount = 95, missCount = 1, failureCount = 0]
16:19:20.997 [main] DEBUG org.springframework.test.context.support.DirtiesContextBeforeModesTestExecutionListener -- Before test method: class [MapDaoImplTest], method [testFindAll], class annotated with @DirtiesContext [false] with mode [null], method annotated with @DirtiesContext [false] with mode [null]
16:19:20.997 [main] DEBUG org.springframework.test.context.cache -- Spring test ApplicationContext cache statistics: [DefaultContextCache@1d8e2eea size = 1, maxSize = 32, parentContextCount = 0, hitCount = 96, missCount = 1, failureCount = 0]
16:19:20.997 [main] DEBUG org.springframework.test.context.cache -- Spring test ApplicationContext cache statistics: [DefaultContextCache@1d8e2eea size = 1, maxSize = 32, parentContextCount = 0, hitCount = 97, missCount = 1, failureCount = 0]
16:19:20.998 [main] DEBUG org.springframework.test.context.cache -- Spring test ApplicationContext cache statistics: [DefaultContextCache@1d8e2eea size = 1, maxSize = 32, parentContextCount = 0, hitCount = 98, missCount = 1, failureCount = 0]
16:19:20.998 [main] DEBUG org.springframework.jdbc.core.JdbcTemplate -- Executing SQL query [SELECT * FROM Map]
16:19:20.998 [main] DEBUG org.springframework.jdbc.datasource.DataSourceUtils -- Fetching JDBC Connection from DataSource
16:19:20.998 [main] DEBUG org.springframework.jdbc.datasource.SimpleDriverDataSource -- Creating new JDBC Driver Connection to [jdbc:h2:mem:testdb;DB_CLOSE_DELAY=-1;DB_CLOSE_ON_EXIT=false]
16:19:20.999 [main] DEBUG org.springframework.test.context.cache -- Spring test ApplicationContext cache statistics: [DefaultContextCache@1d8e2eea size = 1, maxSize = 32, parentContextCount = 0, hitCount = 99, missCount = 1, failureCount = 0]
16:19:21.000 [main] DEBUG org.springframework.test.context.cache -- Spring test ApplicationContext cache statistics: [DefaultContextCache@1d8e2eea size = 1, maxSize = 32, parentContextCount = 0, hitCount = 100, missCount = 1, failureCount = 0]
16:19:21.000 [main] DEBUG org.springframework.test.context.cache -- Spring test ApplicationContext cache statistics: [DefaultContextCache@1d8e2eea size = 1, maxSize = 32, parentContextCount = 0, hitCount = 101, missCount = 1, failureCount = 0]
16:19:21.000 [main] DEBUG org.springframework.test.context.support.DirtiesContextTestExecutionListener -- After test method: class [MapDaoImplTest], method [testFindAll], class annotated with @DirtiesContext [false] with mode [null], method annotated with @DirtiesContext [false] with mode [null]
]]></system-out>
  </testcase>
  <testcase name="testSave" classname="com.oxyl.epf.dao.impl.MapDaoImplTest" time="0.004">
    <system-out><![CDATA[16:19:21.000 [main] DEBUG org.springframework.test.context.support.DependencyInjectionTestExecutionListener -- Performing dependency injection for test class com.oxyl.epf.dao.impl.MapDaoImplTest
16:19:21.001 [main] DEBUG org.springframework.test.context.cache -- Spring test ApplicationContext cache statistics: [DefaultContextCache@1d8e2eea size = 1, maxSize = 32, parentContextCount = 0, hitCount = 102, missCount = 1, failureCount = 0]
16:19:21.001 [main] DEBUG org.springframework.test.context.cache -- Spring test ApplicationContext cache statistics: [DefaultContextCache@1d8e2eea size = 1, maxSize = 32, parentContextCount = 0, hitCount = 103, missCount = 1, failureCount = 0]
16:19:21.001 [main] DEBUG org.springframework.test.context.support.DirtiesContextBeforeModesTestExecutionListener -- Before test method: class [MapDaoImplTest], method [testSave], class annotated with @DirtiesContext [false] with mode [null], method annotated with @DirtiesContext [false] with mode [null]
16:19:21.001 [main] DEBUG org.springframework.test.context.cache -- Spring test ApplicationContext cache statistics: [DefaultContextCache@1d8e2eea size = 1, maxSize = 32, parentContextCount = 0, hitCount = 104, missCount = 1, failureCount = 0]
16:19:21.002 [main] DEBUG org.springframework.test.context.cache -- Spring test ApplicationContext cache statistics: [DefaultContextCache@1d8e2eea size = 1, maxSize = 32, parentContextCount = 0, hitCount = 105, missCount = 1, failureCount = 0]
16:19:21.002 [main] DEBUG org.springframework.test.context.cache -- Spring test ApplicationContext cache statistics: [DefaultContextCache@1d8e2eea size = 1, maxSize = 32, parentContextCount = 0, hitCount = 106, missCount = 1, failureCount = 0]
16:19:21.002 [main] DEBUG org.springframework.jdbc.core.JdbcTemplate -- Executing SQL query [SELECT * FROM Map]
16:19:21.002 [main] DEBUG org.springframework.jdbc.datasource.DataSourceUtils -- Fetching JDBC Connection from DataSource
16:19:21.002 [main] DEBUG org.springframework.jdbc.datasource.SimpleDriverDataSource -- Creating new JDBC Driver Connection to [jdbc:h2:mem:testdb;DB_CLOSE_DELAY=-1;DB_CLOSE_ON_EXIT=false]
16:19:21.003 [main] DEBUG org.springframework.jdbc.core.JdbcTemplate -- Executing prepared SQL update
16:19:21.003 [main] DEBUG org.springframework.jdbc.core.JdbcTemplate -- Executing prepared SQL statement [INSERT INTO Map (ligne, colonne, chemin_image) VALUES (?, ?, ?)]
16:19:21.003 [main] DEBUG org.springframework.jdbc.datasource.DataSourceUtils -- Fetching JDBC Connection from DataSource
16:19:21.003 [main] DEBUG org.springframework.jdbc.datasource.SimpleDriverDataSource -- Creating new JDBC Driver Connection to [jdbc:h2:mem:testdb;DB_CLOSE_DELAY=-1;DB_CLOSE_ON_EXIT=false]
16:19:21.004 [main] DEBUG org.springframework.jdbc.core.JdbcTemplate -- Executing SQL query [SELECT * FROM Map]
16:19:21.004 [main] DEBUG org.springframework.jdbc.datasource.DataSourceUtils -- Fetching JDBC Connection from DataSource
16:19:21.004 [main] DEBUG org.springframework.jdbc.datasource.SimpleDriverDataSource -- Creating new JDBC Driver Connection to [jdbc:h2:mem:testdb;DB_CLOSE_DELAY=-1;DB_CLOSE_ON_EXIT=false]
16:19:21.005 [main] DEBUG org.springframework.test.context.cache -- Spring test ApplicationContext cache statistics: [DefaultContextCache@1d8e2eea size = 1, maxSize = 32, parentContextCount = 0, hitCount = 107, missCount = 1, failureCount = 0]
16:19:21.005 [main] DEBUG org.springframework.test.context.cache -- Spring test ApplicationContext cache statistics: [DefaultContextCache@1d8e2eea size = 1, maxSize = 32, parentContextCount = 0, hitCount = 108, missCount = 1, failureCount = 0]
16:19:21.005 [main] DEBUG org.springframework.test.context.cache -- Spring test ApplicationContext cache statistics: [DefaultContextCache@1d8e2eea size = 1, maxSize = 32, parentContextCount = 0, hitCount = 109, missCount = 1, failureCount = 0]
16:19:21.005 [main] DEBUG org.springframework.test.context.support.DirtiesContextTestExecutionListener -- After test method: class [MapDaoImplTest], method [testSave], class annotated with @DirtiesContext [false] with mode [null], method annotated with @DirtiesContext [false] with mode [null]
]]></system-out>
  </testcase>
  <testcase name="testFindById" classname="com.oxyl.epf.dao.impl.MapDaoImplTest" time="0.003">
    <system-out><![CDATA[16:19:21.006 [main] DEBUG org.springframework.test.context.support.DependencyInjectionTestExecutionListener -- Performing dependency injection for test class com.oxyl.epf.dao.impl.MapDaoImplTest
16:19:21.006 [main] DEBUG org.springframework.test.context.cache -- Spring test ApplicationContext cache statistics: [DefaultContextCache@1d8e2eea size = 1, maxSize = 32, parentContextCount = 0, hitCount = 110, missCount = 1, failureCount = 0]
16:19:21.006 [main] DEBUG org.springframework.test.context.cache -- Spring test ApplicationContext cache statistics: [DefaultContextCache@1d8e2eea size = 1, maxSize = 32, parentContextCount = 0, hitCount = 111, missCount = 1, failureCount = 0]
16:19:21.007 [main] DEBUG org.springframework.test.context.support.DirtiesContextBeforeModesTestExecutionListener -- Before test method: class [MapDaoImplTest], method [testFindById], class annotated with @DirtiesContext [false] with mode [null], method annotated with @DirtiesContext [false] with mode [null]
16:19:21.007 [main] DEBUG org.springframework.test.context.cache -- Spring test ApplicationContext cache statistics: [DefaultContextCache@1d8e2eea size = 1, maxSize = 32, parentContextCount = 0, hitCount = 112, missCount = 1, failureCount = 0]
16:19:21.007 [main] DEBUG org.springframework.test.context.cache -- Spring test ApplicationContext cache statistics: [DefaultContextCache@1d8e2eea size = 1, maxSize = 32, parentContextCount = 0, hitCount = 113, missCount = 1, failureCount = 0]
16:19:21.008 [main] DEBUG org.springframework.test.context.cache -- Spring test ApplicationContext cache statistics: [DefaultContextCache@1d8e2eea size = 1, maxSize = 32, parentContextCount = 0, hitCount = 114, missCount = 1, failureCount = 0]
16:19:21.008 [main] DEBUG org.springframework.jdbc.core.JdbcTemplate -- Executing prepared SQL query
16:19:21.008 [main] DEBUG org.springframework.jdbc.core.JdbcTemplate -- Executing prepared SQL statement [SELECT * FROM Map WHERE id_map = ?]
16:19:21.008 [main] DEBUG org.springframework.jdbc.datasource.DataSourceUtils -- Fetching JDBC Connection from DataSource
16:19:21.008 [main] DEBUG org.springframework.jdbc.datasource.SimpleDriverDataSource -- Creating new JDBC Driver Connection to [jdbc:h2:mem:testdb;DB_CLOSE_DELAY=-1;DB_CLOSE_ON_EXIT=false]
16:19:21.010 [main] DEBUG org.springframework.test.context.cache -- Spring test ApplicationContext cache statistics: [DefaultContextCache@1d8e2eea size = 1, maxSize = 32, parentContextCount = 0, hitCount = 115, missCount = 1, failureCount = 0]
16:19:21.010 [main] DEBUG org.springframework.test.context.cache -- Spring test ApplicationContext cache statistics: [DefaultContextCache@1d8e2eea size = 1, maxSize = 32, parentContextCount = 0, hitCount = 116, missCount = 1, failureCount = 0]
16:19:21.010 [main] DEBUG org.springframework.test.context.cache -- Spring test ApplicationContext cache statistics: [DefaultContextCache@1d8e2eea size = 1, maxSize = 32, parentContextCount = 0, hitCount = 117, missCount = 1, failureCount = 0]
16:19:21.010 [main] DEBUG org.springframework.test.context.support.DirtiesContextTestExecutionListener -- After test method: class [MapDaoImplTest], method [testFindById], class annotated with @DirtiesContext [false] with mode [null], method annotated with @DirtiesContext [false] with mode [null]
]]></system-out>
  </testcase>
  <testcase name="testDeleteById" classname="com.oxyl.epf.dao.impl.MapDaoImplTest" time="0.004">
    <system-out><![CDATA[16:19:21.010 [main] DEBUG org.springframework.test.context.support.DependencyInjectionTestExecutionListener -- Performing dependency injection for test class com.oxyl.epf.dao.impl.MapDaoImplTest
16:19:21.011 [main] DEBUG org.springframework.test.context.cache -- Spring test ApplicationContext cache statistics: [DefaultContextCache@1d8e2eea size = 1, maxSize = 32, parentContextCount = 0, hitCount = 118, missCount = 1, failureCount = 0]
16:19:21.011 [main] DEBUG org.springframework.test.context.cache -- Spring test ApplicationContext cache statistics: [DefaultContextCache@1d8e2eea size = 1, maxSize = 32, parentContextCount = 0, hitCount = 119, missCount = 1, failureCount = 0]
16:19:21.011 [main] DEBUG org.springframework.test.context.support.DirtiesContextBeforeModesTestExecutionListener -- Before test method: class [MapDaoImplTest], method [testDeleteById], class annotated with @DirtiesContext [false] with mode [null], method annotated with @DirtiesContext [false] with mode [null]
16:19:21.011 [main] DEBUG org.springframework.test.context.cache -- Spring test ApplicationContext cache statistics: [DefaultContextCache@1d8e2eea size = 1, maxSize = 32, parentContextCount = 0, hitCount = 120, missCount = 1, failureCount = 0]
16:19:21.012 [main] DEBUG org.springframework.test.context.cache -- Spring test ApplicationContext cache statistics: [DefaultContextCache@1d8e2eea size = 1, maxSize = 32, parentContextCount = 0, hitCount = 121, missCount = 1, failureCount = 0]
16:19:21.012 [main] DEBUG org.springframework.test.context.cache -- Spring test ApplicationContext cache statistics: [DefaultContextCache@1d8e2eea size = 1, maxSize = 32, parentContextCount = 0, hitCount = 122, missCount = 1, failureCount = 0]
16:19:21.012 [main] DEBUG org.springframework.jdbc.core.JdbcTemplate -- Executing SQL update [DELETE FROM Zombie WHERE id_map = 1]
16:19:21.012 [main] DEBUG org.springframework.jdbc.datasource.DataSourceUtils -- Fetching JDBC Connection from DataSource
16:19:21.012 [main] DEBUG org.springframework.jdbc.datasource.SimpleDriverDataSource -- Creating new JDBC Driver Connection to [jdbc:h2:mem:testdb;DB_CLOSE_DELAY=-1;DB_CLOSE_ON_EXIT=false]
16:19:21.013 [main] DEBUG org.springframework.jdbc.core.JdbcTemplate -- Executing prepared SQL update
16:19:21.013 [main] DEBUG org.springframework.jdbc.core.JdbcTemplate -- Executing prepared SQL statement [DELETE FROM Map WHERE id_map = ?]
16:19:21.013 [main] DEBUG org.springframework.jdbc.datasource.DataSourceUtils -- Fetching JDBC Connection from DataSource
16:19:21.013 [main] DEBUG org.springframework.jdbc.datasource.SimpleDriverDataSource -- Creating new JDBC Driver Connection to [jdbc:h2:mem:testdb;DB_CLOSE_DELAY=-1;DB_CLOSE_ON_EXIT=false]
16:19:21.014 [main] DEBUG org.springframework.jdbc.core.JdbcTemplate -- Executing prepared SQL query
16:19:21.014 [main] DEBUG org.springframework.jdbc.core.JdbcTemplate -- Executing prepared SQL statement [SELECT * FROM Map WHERE id_map = ?]
16:19:21.014 [main] DEBUG org.springframework.jdbc.datasource.DataSourceUtils -- Fetching JDBC Connection from DataSource
16:19:21.014 [main] DEBUG org.springframework.jdbc.datasource.SimpleDriverDataSource -- Creating new JDBC Driver Connection to [jdbc:h2:mem:testdb;DB_CLOSE_DELAY=-1;DB_CLOSE_ON_EXIT=false]
16:19:21.014 [main] DEBUG org.springframework.test.context.cache -- Spring test ApplicationContext cache statistics: [DefaultContextCache@1d8e2eea size = 1, maxSize = 32, parentContextCount = 0, hitCount = 123, missCount = 1, failureCount = 0]
16:19:21.014 [main] DEBUG org.springframework.test.context.cache -- Spring test ApplicationContext cache statistics: [DefaultContextCache@1d8e2eea size = 1, maxSize = 32, parentContextCount = 0, hitCount = 124, missCount = 1, failureCount = 0]
16:19:21.015 [main] DEBUG org.springframework.test.context.cache -- Spring test ApplicationContext cache statistics: [DefaultContextCache@1d8e2eea size = 1, maxSize = 32, parentContextCount = 0, hitCount = 125, missCount = 1, failureCount = 0]
16:19:21.015 [main] DEBUG org.springframework.test.context.support.DirtiesContextTestExecutionListener -- After test method: class [MapDaoImplTest], method [testDeleteById], class annotated with @DirtiesContext [false] with mode [null], method annotated with @DirtiesContext [false] with mode [null]
]]></system-out>
  </testcase>
  <testcase name="testUpdate" classname="com.oxyl.epf.dao.impl.MapDaoImplTest" time="0.004">
    <system-out><![CDATA[16:19:21.015 [main] DEBUG org.springframework.test.context.support.DependencyInjectionTestExecutionListener -- Performing dependency injection for test class com.oxyl.epf.dao.impl.MapDaoImplTest
16:19:21.016 [main] DEBUG org.springframework.test.context.cache -- Spring test ApplicationContext cache statistics: [DefaultContextCache@1d8e2eea size = 1, maxSize = 32, parentContextCount = 0, hitCount = 126, missCount = 1, failureCount = 0]
16:19:21.016 [main] DEBUG org.springframework.test.context.cache -- Spring test ApplicationContext cache statistics: [DefaultContextCache@1d8e2eea size = 1, maxSize = 32, parentContextCount = 0, hitCount = 127, missCount = 1, failureCount = 0]
16:19:21.017 [main] DEBUG org.springframework.test.context.support.DirtiesContextBeforeModesTestExecutionListener -- Before test method: class [MapDaoImplTest], method [testUpdate], class annotated with @DirtiesContext [false] with mode [null], method annotated with @DirtiesContext [false] with mode [null]
16:19:21.017 [main] DEBUG org.springframework.test.context.cache -- Spring test ApplicationContext cache statistics: [DefaultContextCache@1d8e2eea size = 1, maxSize = 32, parentContextCount = 0, hitCount = 128, missCount = 1, failureCount = 0]
16:19:21.017 [main] DEBUG org.springframework.test.context.cache -- Spring test ApplicationContext cache statistics: [DefaultContextCache@1d8e2eea size = 1, maxSize = 32, parentContextCount = 0, hitCount = 129, missCount = 1, failureCount = 0]
16:19:21.017 [main] DEBUG org.springframework.test.context.cache -- Spring test ApplicationContext cache statistics: [DefaultContextCache@1d8e2eea size = 1, maxSize = 32, parentContextCount = 0, hitCount = 130, missCount = 1, failureCount = 0]
16:19:21.017 [main] DEBUG org.springframework.jdbc.core.JdbcTemplate -- Executing prepared SQL query
16:19:21.017 [main] DEBUG org.springframework.jdbc.core.JdbcTemplate -- Executing prepared SQL statement [SELECT * FROM Map WHERE id_map = ?]
16:19:21.017 [main] DEBUG org.springframework.jdbc.datasource.DataSourceUtils -- Fetching JDBC Connection from DataSource
16:19:21.017 [main] DEBUG org.springframework.jdbc.datasource.SimpleDriverDataSource -- Creating new JDBC Driver Connection to [jdbc:h2:mem:testdb;DB_CLOSE_DELAY=-1;DB_CLOSE_ON_EXIT=false]
16:19:21.018 [main] DEBUG org.springframework.jdbc.core.JdbcTemplate -- Executing prepared SQL update
16:19:21.018 [main] DEBUG org.springframework.jdbc.core.JdbcTemplate -- Executing prepared SQL statement [UPDATE Map SET ligne=?, colonne=?, chemin_image=? WHERE id_map=?]
16:19:21.018 [main] DEBUG org.springframework.jdbc.datasource.DataSourceUtils -- Fetching JDBC Connection from DataSource
16:19:21.018 [main] DEBUG org.springframework.jdbc.datasource.SimpleDriverDataSource -- Creating new JDBC Driver Connection to [jdbc:h2:mem:testdb;DB_CLOSE_DELAY=-1;DB_CLOSE_ON_EXIT=false]
16:19:21.019 [main] DEBUG org.springframework.jdbc.core.JdbcTemplate -- Executing prepared SQL query
16:19:21.019 [main] DEBUG org.springframework.jdbc.core.JdbcTemplate -- Executing prepared SQL statement [SELECT * FROM Map WHERE id_map = ?]
16:19:21.019 [main] DEBUG org.springframework.jdbc.datasource.DataSourceUtils -- Fetching JDBC Connection from DataSource
16:19:21.019 [main] DEBUG org.springframework.jdbc.datasource.SimpleDriverDataSource -- Creating new JDBC Driver Connection to [jdbc:h2:mem:testdb;DB_CLOSE_DELAY=-1;DB_CLOSE_ON_EXIT=false]
16:19:21.019 [main] DEBUG org.springframework.test.context.cache -- Spring test ApplicationContext cache statistics: [DefaultContextCache@1d8e2eea size = 1, maxSize = 32, parentContextCount = 0, hitCount = 131, missCount = 1, failureCount = 0]
16:19:21.019 [main] DEBUG org.springframework.test.context.cache -- Spring test ApplicationContext cache statistics: [DefaultContextCache@1d8e2eea size = 1, maxSize = 32, parentContextCount = 0, hitCount = 132, missCount = 1, failureCount = 0]
16:19:21.020 [main] DEBUG org.springframework.test.context.cache -- Spring test ApplicationContext cache statistics: [DefaultContextCache@1d8e2eea size = 1, maxSize = 32, parentContextCount = 0, hitCount = 133, missCount = 1, failureCount = 0]
16:19:21.020 [main] DEBUG org.springframework.test.context.support.DirtiesContextTestExecutionListener -- After test method: class [MapDaoImplTest], method [testUpdate], class annotated with @DirtiesContext [false] with mode [null], method annotated with @DirtiesContext [false] with mode [null]
]]></system-out>
  </testcase>
</testsuite>