<?xml version="1.0" encoding="UTF-8"?>
<testsuite xmlns:xsi="http://www.w3.org/2001/XMLSchema-instance" xsi:noNamespaceSchemaLocation="https://maven.apache.org/surefire/maven-surefire-plugin/xsd/surefire-test-report-3.0.xsd" version="3.0" name="com.oxyl.epf.service.impl.PlanteServiceImplTest" time="0.02" tests="5" errors="0" skipped="0" failures="0">
  <properties>
[...]
</properties>
  <testcase name="testFindAll" classname="com.oxyl.epf.service.impl.PlanteServiceImplTest" time="0.016"/>
  <testcase name="testSave" classname="com.oxyl.epf.service.impl.PlanteServiceImplTest" time="0.001"/>
  <testcase name="testFindById" classname="com.oxyl.epf.service.impl.PlanteServiceImplTest" time="0.0"/>
  <testcase name="testDeleteById" classname="com.oxyl.epf.service.impl.PlanteServiceImplTest" time="0.0"/>
  <testcase name="testUpdate" classname="com.oxyl.epf.service.impl.PlanteServiceImplTest" time="0.001"/>
</testsuite>