<?xml version="1.0" encoding="UTF-8"?>
<testsuite xmlns:xsi="http://www.w3.org/2001/XMLSchema-instance" xsi:noNamespaceSchemaLocation="https://maven.apache.org/surefire/maven-surefire-plugin/xsd/surefire-test-report-3.0.xsd" version="3.0" name="com.oxyl.epf.dao.impl.PlanteDaoImplTest" time="0.038" tests="5" errors="0" skipped="0" failures="0">
  <properties>
[...]
</properties>
  <testcase name="testFindAll" classname="com.oxyl.epf.dao.impl.PlanteDaoImplTest" time="0.005">
    <system-out><![CDATA[13:42:38.076 [main] DEBUG org.springframework.test.context.support.DefaultTestContextBootstrapper -- Using ContextCustomizerFactory implementations for test class [PlanteDaoImplTest]: [BeanOverrideContextCustomizerFactory, MockServerContainerContextCustomizerFactory, DynamicPropertiesContextCustomizerFactory]
13:42:38.077 [main] DEBUG org.springframework.test.context.support.DefaultTestContextBootstrapper -- Using ContextCustomizers for test class [PlanteDaoImplTest]: [DynamicPropertiesContextCustomizer]
13:42:38.077 [main] DEBUG org.springframework.test.context.util.TestContextSpringFactoriesUtils -- Skipping candidate TestExecutionListener [org.springframework.test.context.observation.MicrometerObservationRegistryTestExecutionListener] due to a missing dependency. Specify custom TestExecutionListener classes or make the default TestExecutionListener classes and their required dependencies available. Offending class: io.micrometer.context.ThreadLocalAccessor. MicrometerObservationRegistryTestExecutionListener requires io.micrometer:micrometer-observation:1.10.8 or higher and io.micrometer:context-propagation:1.0.3 or higher.
13:42:38.077 [main] DEBUG org.springframework.test.context.support.DefaultTestContextBootstrapper -- Using TestExecutionListeners for test class [PlanteDaoImplTest]: [ServletTestExecutionListener, DirtiesContextBeforeModesTestExecutionListener, ApplicationEventsTestExecutionListener, BeanOverrideTestExecutionListener, DependencyInjectionTestExecutionListener, DirtiesContextTestExecutionListener, CommonCachesTestExecutionListener, TransactionalTestExecutionListener, SqlScriptsTestExecutionListener, EventPublishingTestExecutionListener, MockitoResetTestExecutionListener]
13:42:38.078 [main] DEBUG org.springframework.test.context.support.DirtiesContextBeforeModesTestExecutionListener -- Before test class: class [PlanteDaoImplTest], class annotated with @DirtiesContext [false] with mode [null]
13:42:38.078 [main] DEBUG org.springframework.test.context.cache -- Spring test ApplicationContext cache statistics: [DefaultContextCache@240139e1 size = 1, maxSize = 32, parentContextCount = 0, hitCount = 50, missCount = 1, failureCount = 0]
13:42:38.078 [main] DEBUG org.springframework.test.context.support.DependencyInjectionTestExecutionListener -- Performing dependency injection for test class com.oxyl.epf.dao.impl.PlanteDaoImplTest
13:42:38.078 [main] DEBUG org.springframework.test.context.cache -- Spring test ApplicationContext cache statistics: [DefaultContextCache@240139e1 size = 1, maxSize = 32, parentContextCount = 0, hitCount = 51, missCount = 1, failureCount = 0]
13:42:38.079 [main] DEBUG org.springframework.test.context.cache -- Spring test ApplicationContext cache statistics: [DefaultContextCache@240139e1 size = 1, maxSize = 32, parentContextCount = 0, hitCount = 52, missCount = 1, failureCount = 0]
13:42:38.080 [main] DEBUG org.springframework.test.context.support.DirtiesContextBeforeModesTestExecutionListener -- Before test method: class [PlanteDaoImplTest], method [testFindAll], class annotated with @DirtiesContext [false] with mode [null], method annotated with @DirtiesContext [false] with mode [null]
13:42:38.080 [main] DEBUG org.springframework.test.context.cache -- Spring test ApplicationContext cache statistics: [DefaultContextCache@240139e1 size = 1, maxSize = 32, parentContextCount = 0, hitCount = 53, missCount = 1, failureCount = 0]
13:42:38.080 [main] DEBUG org.springframework.test.context.cache -- Spring test ApplicationContext cache statistics: [DefaultContextCache@240139e1 size = 1, maxSize = 32, parentContextCount = 0, hitCount = 54, missCount = 1, failureCount = 0]
13:42:38.080 [main] DEBUG org.springframework.jdbc.core.JdbcTemplate -- Executing SQL update [DELETE FROM Zombie]
13:42:38.080 [main] DEBUG org.springframework.jdbc.datasource.DataSourceUtils -- Fetching JDBC Connection from DataSource
13:42:38.080 [main] DEBUG org.springframework.jdbc.datasource.SimpleDriverDataSource -- Creating new JDBC Driver Connection to [jdbc:h2:mem:testdb;DB_CLOSE_DELAY=-1;DB_CLOSE_ON_EXIT=false]
13:42:38.081 [main] DEBUG org.springframework.jdbc.core.JdbcTemplate -- Executing SQL update [DELETE FROM Plante]
13:42:38.081 [main] DEBUG org.springframework.jdbc.datasource.DataSourceUtils -- Fetching JDBC Connection from DataSource
13:42:38.081 [main] DEBUG org.springframework.jdbc.datasource.SimpleDriverDataSource -- Creating new JDBC Driver Connection to [jdbc:h2:mem:testdb;DB_CLOSE_DELAY=-1;DB_CLOSE_ON_EXIT=false]
13:42:38.081 [main] DEBUG org.springframework.jdbc.core.JdbcTemplate -- Executing SQL update [INSERT INTO Plante (id_plante, nom, point_de_vie, attaque_par_seconde, degat_attaque, cout, soleil_par_seconde, effet, chemin_image) VALUES (1, 'Test Plant', 50, 0.5, 5, 100, 1.0, 'normal', 'test_plant.png')]
13:42:38.081 [main] DEBUG org.springframework.jdbc.datasource.DataSourceUtils -- Fetching JDBC Connection from DataSource
13:42:38.081 [main] DEBUG org.springframework.jdbc.datasource.SimpleDriverDataSource -- Creating new JDBC Driver Connection to [jdbc:h2:mem:testdb;DB_CLOSE_DELAY=-1;DB_CLOSE_ON_EXIT=false]
13:42:38.082 [main] DEBUG org.springframework.test.context.cache -- Spring test ApplicationContext cache statistics: [DefaultContextCache@240139e1 size = 1, maxSize = 32, parentContextCount = 0, hitCount = 55, missCount = 1, failureCount = 0]
13:42:38.082 [main] DEBUG org.springframework.jdbc.core.JdbcTemplate -- Executing SQL query [SELECT * FROM Plante]
13:42:38.082 [main] DEBUG org.springframework.jdbc.datasource.DataSourceUtils -- Fetching JDBC Connection from DataSource
13:42:38.082 [main] DEBUG org.springframework.jdbc.datasource.SimpleDriverDataSource -- Creating new JDBC Driver Connection to [jdbc:h2:mem:testdb;DB_CLOSE_DELAY=-1;DB_CLOSE_ON_EXIT=false]
13:42:38.083 [main] DEBUG org.springframework.test.context.cache -- Spring test ApplicationContext cache statistics: [DefaultContextCache@240139e1 size = 1, maxSize = 32, parentContextCount = 0, hitCount = 56, missCount = 1, failureCount = 0]
13:42:38.084 [main] DEBUG org.springframework.test.context.cache -- Spring test ApplicationContext cache statistics: [DefaultContextCache@240139e1 size = 1, maxSize = 32, parentContextCount = 0, hitCount = 57, missCount = 1, failureCount = 0]
13:42:38.084 [main] DEBUG org.springframework.test.context.cache -- Spring test ApplicationContext cache statistics: [DefaultContextCache@240139e1 size = 1, maxSize = 32, parentContextCount = 0, hitCount = 58, missCount = 1, failureCount = 0]
13:42:38.084 [main] DEBUG org.springframework.test.context.support.DirtiesContextTestExecutionListener -- After test method: class [PlanteDaoImplTest], method [testFindAll], class annotated with @DirtiesContext [false] with mode [null], method annotated with @DirtiesContext [false] with mode [null]
]]></system-out>
  </testcase>
  <testcase name="testSave" classname="com.oxyl.epf.dao.impl.PlanteDaoImplTest" time="0.005">
    <system-out><![CDATA[13:42:38.084 [main] DEBUG org.springframework.test.context.support.DependencyInjectionTestExecutionListener -- Performing dependency injection for test class com.oxyl.epf.dao.impl.PlanteDaoImplTest
13:42:38.085 [main] DEBUG org.springframework.test.context.cache -- Spring test ApplicationContext cache statistics: [DefaultContextCache@240139e1 size = 1, maxSize = 32, parentContextCount = 0, hitCount = 59, missCount = 1, failureCount = 0]
13:42:38.085 [main] DEBUG org.springframework.test.context.cache -- Spring test ApplicationContext cache statistics: [DefaultContextCache@240139e1 size = 1, maxSize = 32, parentContextCount = 0, hitCount = 60, missCount = 1, failureCount = 0]
13:42:38.085 [main] DEBUG org.springframework.test.context.support.DirtiesContextBeforeModesTestExecutionListener -- Before test method: class [PlanteDaoImplTest], method [testSave], class annotated with @DirtiesContext [false] with mode [null], method annotated with @DirtiesContext [false] with mode [null]
13:42:38.086 [main] DEBUG org.springframework.test.context.cache -- Spring test ApplicationContext cache statistics: [DefaultContextCache@240139e1 size = 1, maxSize = 32, parentContextCount = 0, hitCount = 61, missCount = 1, failureCount = 0]
13:42:38.086 [main] DEBUG org.springframework.test.context.cache -- Spring test ApplicationContext cache statistics: [DefaultContextCache@240139e1 size = 1, maxSize = 32, parentContextCount = 0, hitCount = 62, missCount = 1, failureCount = 0]
13:42:38.086 [main] DEBUG org.springframework.jdbc.core.JdbcTemplate -- Executing SQL update [DELETE FROM Zombie]
13:42:38.086 [main] DEBUG org.springframework.jdbc.datasource.DataSourceUtils -- Fetching JDBC Connection from DataSource
13:42:38.086 [main] DEBUG org.springframework.jdbc.datasource.SimpleDriverDataSource -- Creating new JDBC Driver Connection to [jdbc:h2:mem:testdb;DB_CLOSE_DELAY=-1;DB_CLOSE_ON_EXIT=false]
13:42:38.086 [main] DEBUG org.springframework.jdbc.core.JdbcTemplate -- Executing SQL update [DELETE FROM Plante]
13:42:38.086 [main] DEBUG org.springframework.jdbc.datasource.DataSourceUtils -- Fetching JDBC Connection from DataSource
13:42:38.086 [main] DEBUG org.springframework.jdbc.datasource.SimpleDriverDataSource -- Creating new JDBC Driver Connection to [jdbc:h2:mem:testdb;DB_CLOSE_DELAY=-1;DB_CLOSE_ON_EXIT=false]
13:42:38.087 [main] DEBUG org.springframework.jdbc.core.JdbcTemplate -- Executing SQL update [INSERT INTO Plante (id_plante, nom, point_de_vie, attaque_par_seconde, degat_attaque, cout, soleil_par_seconde, effet, chemin_image) VALUES (1, 'Test Plant', 50, 0.5, 5, 100, 1.0, 'normal', 'test_plant.png')]
13:42:38.087 [main] DEBUG org.springframework.jdbc.datasource.DataSourceUtils -- Fetching JDBC Connection from DataSource
13:42:38.087 [main] DEBUG org.springframework.jdbc.datasource.SimpleDriverDataSource -- Creating new JDBC Driver Connection to [jdbc:h2:mem:testdb;DB_CLOSE_DELAY=-1;DB_CLOSE_ON_EXIT=false]
13:42:38.088 [main] DEBUG org.springframework.test.context.cache -- Spring test ApplicationContext cache statistics: [DefaultContextCache@240139e1 size = 1, maxSize = 32, parentContextCount = 0, hitCount = 63, missCount = 1, failureCount = 0]
13:42:38.088 [main] DEBUG org.springframework.jdbc.core.JdbcTemplate -- Executing prepared SQL update
13:42:38.088 [main] DEBUG org.springframework.jdbc.core.JdbcTemplate -- Executing prepared SQL statement [INSERT INTO Plante (nom, point_de_vie, attaque_par_seconde, degat_attaque, cout, soleil_par_seconde, effet, chemin_image) VALUES (?, ?, ?, ?, ?, ?, ?, ?)]
13:42:38.088 [main] DEBUG org.springframework.jdbc.datasource.DataSourceUtils -- Fetching JDBC Connection from DataSource
13:42:38.088 [main] DEBUG org.springframework.jdbc.datasource.SimpleDriverDataSource -- Creating new JDBC Driver Connection to [jdbc:h2:mem:testdb;DB_CLOSE_DELAY=-1;DB_CLOSE_ON_EXIT=false]
13:42:38.089 [main] DEBUG org.springframework.jdbc.core.JdbcTemplate -- Executing SQL query [SELECT * FROM Plante]
13:42:38.089 [main] DEBUG org.springframework.jdbc.datasource.DataSourceUtils -- Fetching JDBC Connection from DataSource
13:42:38.089 [main] DEBUG org.springframework.jdbc.datasource.SimpleDriverDataSource -- Creating new JDBC Driver Connection to [jdbc:h2:mem:testdb;DB_CLOSE_DELAY=-1;DB_CLOSE_ON_EXIT=false]
13:42:38.090 [main] DEBUG org.springframework.test.context.cache -- Spring test ApplicationContext cache statistics: [DefaultContextCache@240139e1 size = 1, maxSize = 32, parentContextCount = 0, hitCount = 64, missCount = 1, failureCount = 0]
13:42:38.090 [main] DEBUG org.springframework.test.context.cache -- Spring test ApplicationContext cache statistics: [DefaultContextCache@240139e1 size = 1, maxSize = 32, parentContextCount = 0, hitCount = 65, missCount = 1, failureCount = 0]
13:42:38.090 [main] DEBUG org.springframework.test.context.cache -- Spring test ApplicationContext cache statistics: [DefaultContextCache@240139e1 size = 1, maxSize = 32, parentContextCount = 0, hitCount = 66, missCount = 1, failureCount = 0]
13:42:38.090 [main] DEBUG org.springframework.test.context.support.DirtiesContextTestExecutionListener -- After test method: class [PlanteDaoImplTest], method [testSave], class annotated with @DirtiesContext [false] with mode [null], method annotated with @DirtiesContext [false] with mode [null]
]]></system-out>
  </testcase>
  <testcase name="testFindById" classname="com.oxyl.epf.dao.impl.PlanteDaoImplTest" time="0.005">
    <system-out><![CDATA[13:42:38.091 [main] DEBUG org.springframework.test.context.support.DependencyInjectionTestExecutionListener -- Performing dependency injection for test class com.oxyl.epf.dao.impl.PlanteDaoImplTest
13:42:38.091 [main] DEBUG org.springframework.test.context.cache -- Spring test ApplicationContext cache statistics: [DefaultContextCache@240139e1 size = 1, maxSize = 32, parentContextCount = 0, hitCount = 67, missCount = 1, failureCount = 0]
13:42:38.091 [main] DEBUG org.springframework.test.context.cache -- Spring test ApplicationContext cache statistics: [DefaultContextCache@240139e1 size = 1, maxSize = 32, parentContextCount = 0, hitCount = 68, missCount = 1, failureCount = 0]
13:42:38.092 [main] DEBUG org.springframework.test.context.support.DirtiesContextBeforeModesTestExecutionListener -- Before test method: class [PlanteDaoImplTest], method [testFindById], class annotated with @DirtiesContext [false] with mode [null], method annotated with @DirtiesContext [false] with mode [null]
13:42:38.093 [main] DEBUG org.springframework.test.context.cache -- Spring test ApplicationContext cache statistics: [DefaultContextCache@240139e1 size = 1, maxSize = 32, parentContextCount = 0, hitCount = 69, missCount = 1, failureCount = 0]
13:42:38.093 [main] DEBUG org.springframework.test.context.cache -- Spring test ApplicationContext cache statistics: [DefaultContextCache@240139e1 size = 1, maxSize = 32, parentContextCount = 0, hitCount = 70, missCount = 1, failureCount = 0]
13:42:38.093 [main] DEBUG org.springframework.jdbc.core.JdbcTemplate -- Executing SQL update [DELETE FROM Zombie]
13:42:38.093 [main] DEBUG org.springframework.jdbc.datasource.DataSourceUtils -- Fetching JDBC Connection from DataSource
13:42:38.093 [main] DEBUG org.springframework.jdbc.datasource.SimpleDriverDataSource -- Creating new JDBC Driver Connection to [jdbc:h2:mem:testdb;DB_CLOSE_DELAY=-1;DB_CLOSE_ON_EXIT=false]
13:42:38.093 [main] DEBUG org.springframework.jdbc.core.JdbcTemplate -- Executing SQL update [DELETE FROM Plante]
13:42:38.093 [main] DEBUG org.springframework.jdbc.datasource.DataSourceUtils -- Fetching JDBC Connection from DataSource
13:42:38.094 [main] DEBUG org.springframework.jdbc.datasource.SimpleDriverDataSource -- Creating new JDBC Driver Connection to [jdbc:h2:mem:testdb;DB_CLOSE_DELAY=-1;DB_CLOSE_ON_EXIT=false]
13:42:38.094 [main] DEBUG org.springframework.jdbc.core.JdbcTemplate -- Executing SQL update [INSERT INTO Plante (id_plante, nom, point_de_vie, attaque_par_seconde, degat_attaque, cout, soleil_par_seconde, effet, chemin_image) VALUES (1, 'Test Plant', 50, 0.5, 5, 100, 1.0, 'normal', 'test_plant.png')]
13:42:38.094 [main] DEBUG org.springframework.jdbc.datasource.DataSourceUtils -- Fetching JDBC Connection from DataSource
13:42:38.094 [main] DEBUG org.springframework.jdbc.datasource.SimpleDriverDataSource -- Creating new JDBC Driver Connection to [jdbc:h2:mem:testdb;DB_CLOSE_DELAY=-1;DB_CLOSE_ON_EXIT=false]
13:42:38.095 [main] DEBUG org.springframework.test.context.cache -- Spring test ApplicationContext cache statistics: [DefaultContextCache@240139e1 size = 1, maxSize = 32, parentContextCount = 0, hitCount = 71, missCount = 1, failureCount = 0]
13:42:38.095 [main] DEBUG org.springframework.jdbc.core.JdbcTemplate -- Executing prepared SQL query
13:42:38.095 [main] DEBUG org.springframework.jdbc.core.JdbcTemplate -- Executing prepared SQL statement [SELECT * FROM Plante WHERE id_plante = ?]
13:42:38.095 [main] DEBUG org.springframework.jdbc.datasource.DataSourceUtils -- Fetching JDBC Connection from DataSource
13:42:38.095 [main] DEBUG org.springframework.jdbc.datasource.SimpleDriverDataSource -- Creating new JDBC Driver Connection to [jdbc:h2:mem:testdb;DB_CLOSE_DELAY=-1;DB_CLOSE_ON_EXIT=false]
13:42:38.096 [main] DEBUG org.springframework.test.context.cache -- Spring test ApplicationContext cache statistics: [DefaultContextCache@240139e1 size = 1, maxSize = 32, parentContextCount = 0, hitCount = 72, missCount = 1, failureCount = 0]
13:42:38.096 [main] DEBUG org.springframework.test.context.cache -- Spring test ApplicationContext cache statistics: [DefaultContextCache@240139e1 size = 1, maxSize = 32, parentContextCount = 0, hitCount = 73, missCount = 1, failureCount = 0]
13:42:38.096 [main] DEBUG org.springframework.test.context.cache -- Spring test ApplicationContext cache statistics: [DefaultContextCache@240139e1 size = 1, maxSize = 32, parentContextCount = 0, hitCount = 74, missCount = 1, failureCount = 0]
13:42:38.096 [main] DEBUG org.springframework.test.context.support.DirtiesContextTestExecutionListener -- After test method: class [PlanteDaoImplTest], method [testFindById], class annotated with @DirtiesContext [false] with mode [null], method annotated with @DirtiesContext [false] with mode [null]
]]></system-out>
  </testcase>
  <testcase name="testDeleteById" classname="com.oxyl.epf.dao.impl.PlanteDaoImplTest" time="0.005">
    <system-out><![CDATA[13:42:38.097 [main] DEBUG org.springframework.test.context.support.DependencyInjectionTestExecutionListener -- Performing dependency injection for test class com.oxyl.epf.dao.impl.PlanteDaoImplTest
13:42:38.097 [main] DEBUG org.springframework.test.context.cache -- Spring test ApplicationContext cache statistics: [DefaultContextCache@240139e1 size = 1, maxSize = 32, parentContextCount = 0, hitCount = 75, missCount = 1, failureCount = 0]
13:42:38.097 [main] DEBUG org.springframework.test.context.cache -- Spring test ApplicationContext cache statistics: [DefaultContextCache@240139e1 size = 1, maxSize = 32, parentContextCount = 0, hitCount = 76, missCount = 1, failureCount = 0]
13:42:38.098 [main] DEBUG org.springframework.test.context.support.DirtiesContextBeforeModesTestExecutionListener -- Before test method: class [PlanteDaoImplTest], method [testDeleteById], class annotated with @DirtiesContext [false] with mode [null], method annotated with @DirtiesContext [false] with mode [null]
13:42:38.098 [main] DEBUG org.springframework.test.context.cache -- Spring test ApplicationContext cache statistics: [DefaultContextCache@240139e1 size = 1, maxSize = 32, parentContextCount = 0, hitCount = 77, missCount = 1, failureCount = 0]
13:42:38.098 [main] DEBUG org.springframework.test.context.cache -- Spring test ApplicationContext cache statistics: [DefaultContextCache@240139e1 size = 1, maxSize = 32, parentContextCount = 0, hitCount = 78, missCount = 1, failureCount = 0]
13:42:38.098 [main] DEBUG org.springframework.jdbc.core.JdbcTemplate -- Executing SQL update [DELETE FROM Zombie]
13:42:38.099 [main] DEBUG org.springframework.jdbc.datasource.DataSourceUtils -- Fetching JDBC Connection from DataSource
13:42:38.099 [main] DEBUG org.springframework.jdbc.datasource.SimpleDriverDataSource -- Creating new JDBC Driver Connection to [jdbc:h2:mem:testdb;DB_CLOSE_DELAY=-1;DB_CLOSE_ON_EXIT=false]
13:42:38.099 [main] DEBUG org.springframework.jdbc.core.JdbcTemplate -- Executing SQL update [DELETE FROM Plante]
13:42:38.099 [main] DEBUG org.springframework.jdbc.datasource.DataSourceUtils -- Fetching JDBC Connection from DataSource
13:42:38.099 [main] DEBUG org.springframework.jdbc.datasource.SimpleDriverDataSource -- Creating new JDBC Driver Connection to [jdbc:h2:mem:testdb;DB_CLOSE_DELAY=-1;DB_CLOSE_ON_EXIT=false]
13:42:38.100 [main] DEBUG org.springframework.jdbc.core.JdbcTemplate -- Executing SQL update [INSERT INTO Plante (id_plante, nom, point_de_vie, attaque_par_seconde, degat_attaque, cout, soleil_par_seconde, effet, chemin_image) VALUES (1, 'Test Plant', 50, 0.5, 5, 100, 1.0, 'normal', 'test_plant.png')]
13:42:38.100 [main] DEBUG org.springframework.jdbc.datasource.DataSourceUtils -- Fetching JDBC Connection from DataSource
13:42:38.100 [main] DEBUG org.springframework.jdbc.datasource.SimpleDriverDataSource -- Creating new JDBC Driver Connection to [jdbc:h2:mem:testdb;DB_CLOSE_DELAY=-1;DB_CLOSE_ON_EXIT=false]
13:42:38.100 [main] DEBUG org.springframework.test.context.cache -- Spring test ApplicationContext cache statistics: [DefaultContextCache@240139e1 size = 1, maxSize = 32, parentContextCount = 0, hitCount = 79, missCount = 1, failureCount = 0]
13:42:38.101 [main] DEBUG org.springframework.jdbc.core.JdbcTemplate -- Executing prepared SQL update
13:42:38.101 [main] DEBUG org.springframework.jdbc.core.JdbcTemplate -- Executing prepared SQL statement [DELETE FROM Plante WHERE id_plante = ?]
13:42:38.101 [main] DEBUG org.springframework.jdbc.datasource.DataSourceUtils -- Fetching JDBC Connection from DataSource
13:42:38.101 [main] DEBUG org.springframework.jdbc.datasource.SimpleDriverDataSource -- Creating new JDBC Driver Connection to [jdbc:h2:mem:testdb;DB_CLOSE_DELAY=-1;DB_CLOSE_ON_EXIT=false]
13:42:38.102 [main] DEBUG org.springframework.jdbc.core.JdbcTemplate -- Executing prepared SQL query
13:42:38.102 [main] DEBUG org.springframework.jdbc.core.JdbcTemplate -- Executing prepared SQL statement [SELECT * FROM Plante WHERE id_plante = ?]
13:42:38.102 [main] DEBUG org.springframework.jdbc.datasource.DataSourceUtils -- Fetching JDBC Connection from DataSource
13:42:38.102 [main] DEBUG org.springframework.jdbc.datasource.SimpleDriverDataSource -- Creating new JDBC Driver Connection to [jdbc:h2:mem:testdb;DB_CLOSE_DELAY=-1;DB_CLOSE_ON_EXIT=false]
13:42:38.102 [main] DEBUG org.springframework.test.context.cache -- Spring test ApplicationContext cache statistics: [DefaultContextCache@240139e1 size = 1, maxSize = 32, parentContextCount = 0, hitCount = 80, missCount = 1, failureCount = 0]
13:42:38.103 [main] DEBUG org.springframework.test.context.cache -- Spring test ApplicationContext cache statistics: [DefaultContextCache@240139e1 size = 1, maxSize = 32, parentContextCount = 0, hitCount = 81, missCount = 1, failureCount = 0]
13:42:38.103 [main] DEBUG org.springframework.test.context.cache -- Spring test ApplicationContext cache statistics: [DefaultContextCache@240139e1 size = 1, maxSize = 32, parentContextCount = 0, hitCount = 82, missCount = 1, failureCount = 0]
13:42:38.103 [main] DEBUG org.springframework.test.context.support.DirtiesContextTestExecutionListener -- After test method: class [PlanteDaoImplTest], method [testDeleteById], class annotated with @DirtiesContext [false] with mode [null], method annotated with @DirtiesContext [false] with mode [null]
]]></system-out>
  </testcase>
  <testcase name="testUpdate" classname="com.oxyl.epf.dao.impl.PlanteDaoImplTest" time="0.007">
    <system-out><![CDATA[13:42:38.103 [main] DEBUG org.springframework.test.context.support.DependencyInjectionTestExecutionListener -- Performing dependency injection for test class com.oxyl.epf.dao.impl.PlanteDaoImplTest
13:42:38.103 [main] DEBUG org.springframework.test.context.cache -- Spring test ApplicationContext cache statistics: [DefaultContextCache@240139e1 size = 1, maxSize = 32, parentContextCount = 0, hitCount = 83, missCount = 1, failureCount = 0]
13:42:38.104 [main] DEBUG org.springframework.test.context.cache -- Spring test ApplicationContext cache statistics: [DefaultContextCache@240139e1 size = 1, maxSize = 32, parentContextCount = 0, hitCount = 84, missCount = 1, failureCount = 0]
13:42:38.104 [main] DEBUG org.springframework.test.context.support.DirtiesContextBeforeModesTestExecutionListener -- Before test method: class [PlanteDaoImplTest], method [testUpdate], class annotated with @DirtiesContext [false] with mode [null], method annotated with @DirtiesContext [false] with mode [null]
13:42:38.104 [main] DEBUG org.springframework.test.context.cache -- Spring test ApplicationContext cache statistics: [DefaultContextCache@240139e1 size = 1, maxSize = 32, parentContextCount = 0, hitCount = 85, missCount = 1, failureCount = 0]
13:42:38.105 [main] DEBUG org.springframework.test.context.cache -- Spring test ApplicationContext cache statistics: [DefaultContextCache@240139e1 size = 1, maxSize = 32, parentContextCount = 0, hitCount = 86, missCount = 1, failureCount = 0]
13:42:38.105 [main] DEBUG org.springframework.jdbc.core.JdbcTemplate -- Executing SQL update [DELETE FROM Zombie]
13:42:38.105 [main] DEBUG org.springframework.jdbc.datasource.DataSourceUtils -- Fetching JDBC Connection from DataSource
13:42:38.105 [main] DEBUG org.springframework.jdbc.datasource.SimpleDriverDataSource -- Creating new JDBC Driver Connection to [jdbc:h2:mem:testdb;DB_CLOSE_DELAY=-1;DB_CLOSE_ON_EXIT=false]
13:42:38.106 [main] DEBUG org.springframework.jdbc.core.JdbcTemplate -- Executing SQL update [DELETE FROM Plante]
13:42:38.106 [main] DEBUG org.springframework.jdbc.datasource.DataSourceUtils -- Fetching JDBC Connection from DataSource
13:42:38.106 [main] DEBUG org.springframework.jdbc.datasource.SimpleDriverDataSource -- Creating new JDBC Driver Connection to [jdbc:h2:mem:testdb;DB_CLOSE_DELAY=-1;DB_CLOSE_ON_EXIT=false]
13:42:38.106 [main] DEBUG org.springframework.jdbc.core.JdbcTemplate -- Executing SQL update [INSERT INTO Plante (id_plante, nom, point_de_vie, attaque_par_seconde, degat_attaque, cout, soleil_par_seconde, effet, chemin_image) VALUES (1, 'Test Plant', 50, 0.5, 5, 100, 1.0, 'normal', 'test_plant.png')]
13:42:38.106 [main] DEBUG org.springframework.jdbc.datasource.DataSourceUtils -- Fetching JDBC Connection from DataSource
13:42:38.106 [main] DEBUG org.springframework.jdbc.datasource.SimpleDriverDataSource -- Creating new JDBC Driver Connection to [jdbc:h2:mem:testdb;DB_CLOSE_DELAY=-1;DB_CLOSE_ON_EXIT=false]
13:42:38.107 [main] DEBUG org.springframework.test.context.cache -- Spring test ApplicationContext cache statistics: [DefaultContextCache@240139e1 size = 1, maxSize = 32, parentContextCount = 0, hitCount = 87, missCount = 1, failureCount = 0]
13:42:38.107 [main] DEBUG org.springframework.jdbc.core.JdbcTemplate -- Executing prepared SQL query
13:42:38.107 [main] DEBUG org.springframework.jdbc.core.JdbcTemplate -- Executing prepared SQL statement [SELECT * FROM Plante WHERE id_plante = ?]
13:42:38.107 [main] DEBUG org.springframework.jdbc.datasource.DataSourceUtils -- Fetching JDBC Connection from DataSource
13:42:38.107 [main] DEBUG org.springframework.jdbc.datasource.SimpleDriverDataSource -- Creating new JDBC Driver Connection to [jdbc:h2:mem:testdb;DB_CLOSE_DELAY=-1;DB_CLOSE_ON_EXIT=false]
13:42:38.108 [main] DEBUG org.springframework.jdbc.core.JdbcTemplate -- Executing prepared SQL update
13:42:38.108 [main] DEBUG org.springframework.jdbc.core.JdbcTemplate -- Executing prepared SQL statement [UPDATE Plante SET nom=?, point_de_vie=?, attaque_par_seconde=?, degat_attaque=?, cout=?, soleil_par_seconde=?, effet=?, chemin_image=? WHERE id_plante=?]
13:42:38.108 [main] DEBUG org.springframework.jdbc.datasource.DataSourceUtils -- Fetching JDBC Connection from DataSource
13:42:38.108 [main] DEBUG org.springframework.jdbc.datasource.SimpleDriverDataSource -- Creating new JDBC Driver Connection to [jdbc:h2:mem:testdb;DB_CLOSE_DELAY=-1;DB_CLOSE_ON_EXIT=false]
13:42:38.109 [main] DEBUG org.springframework.jdbc.core.JdbcTemplate -- Executing prepared SQL query
13:42:38.109 [main] DEBUG org.springframework.jdbc.core.JdbcTemplate -- Executing prepared SQL statement [SELECT * FROM Plante WHERE id_plante = ?]
13:42:38.109 [main] DEBUG org.springframework.jdbc.datasource.DataSourceUtils -- Fetching JDBC Connection from DataSource
13:42:38.109 [main] DEBUG org.springframework.jdbc.datasource.SimpleDriverDataSource -- Creating new JDBC Driver Connection to [jdbc:h2:mem:testdb;DB_CLOSE_DELAY=-1;DB_CLOSE_ON_EXIT=false]
13:42:38.110 [main] DEBUG org.springframework.test.context.cache -- Spring test ApplicationContext cache statistics: [DefaultContextCache@240139e1 size = 1, maxSize = 32, parentContextCount = 0, hitCount = 88, missCount = 1, failureCount = 0]
13:42:38.110 [main] DEBUG org.springframework.test.context.cache -- Spring test ApplicationContext cache statistics: [DefaultContextCache@240139e1 size = 1, maxSize = 32, parentContextCount = 0, hitCount = 89, missCount = 1, failureCount = 0]
13:42:38.110 [main] DEBUG org.springframework.test.context.cache -- Spring test ApplicationContext cache statistics: [DefaultContextCache@240139e1 size = 1, maxSize = 32, parentContextCount = 0, hitCount = 90, missCount = 1, failureCount = 0]
13:42:38.111 [main] DEBUG org.springframework.test.context.support.DirtiesContextTestExecutionListener -- After test method: class [PlanteDaoImplTest], method [testUpdate], class annotated with @DirtiesContext [false] with mode [null], method annotated with @DirtiesContext [false] with mode [null]
]]></system-out>
  </testcase>
</testsuite>