<?xml version="1.0" encoding="UTF-8"?>
<testsuite xmlns:xsi="http://www.w3.org/2001/XMLSchema-instance" xsi:noNamespaceSchemaLocation="https://maven.apache.org/surefire/maven-surefire-plugin/xsd/surefire-test-report-3.0.xsd" version="3.0" name="com.oxyl.epf.dao.impl.ZombieDaoImplTest" time="0.821" tests="6" errors="0" skipped="0" failures="0">
  <properties>
[...]
</properties>
  <testcase name="testFindAll" classname="com.oxyl.epf.dao.impl.ZombieDaoImplTest" time="0.403">
    <system-out><![CDATA[16:10:32.646 [main] DEBUG org.springframework.test.context.support.DefaultTestContextBootstrapper -- Using ContextCustomizerFactory implementations for test class [ZombieDaoImplTest]: [BeanOverrideContextCustomizerFactory, MockServerContainerContextCustomizerFactory, DynamicPropertiesContextCustomizerFactory]
16:10:32.650 [main] DEBUG org.springframework.test.context.support.DefaultTestContextBootstrapper -- Using ContextCustomizers for test class [ZombieDaoImplTest]: [DynamicPropertiesContextCustomizer]
16:10:32.656 [main] DEBUG org.springframework.test.context.util.TestContextSpringFactoriesUtils -- Skipping candidate TestExecutionListener [org.springframework.test.context.observation.MicrometerObservationRegistryTestExecutionListener] due to a missing dependency. Specify custom TestExecutionListener classes or make the default TestExecutionListener classes and their required dependencies available. Offending class: io.micrometer.context.ThreadLocalAccessor. MicrometerObservationRegistryTestExecutionListener requires io.micrometer:micrometer-observation:1.10.8 or higher and io.micrometer:context-propagation:1.0.3 or higher.
16:10:32.660 [main] DEBUG org.springframework.test.context.support.DefaultTestContextBootstrapper -- Using TestExecutionListeners for test class [ZombieDaoImplTest]: [ServletTestExecutionListener, DirtiesContextBeforeModesTestExecutionListener, ApplicationEventsTestExecutionListener, BeanOverrideTestExecutionListener, DependencyInjectionTestExecutionListener, DirtiesContextTestExecutionListener, CommonCachesTestExecutionListener, TransactionalTestExecutionListener, SqlScriptsTestExecutionListener, EventPublishingTestExecutionListener, MockitoResetTestExecutionListener]
16:10:32.661 [main] DEBUG org.springframework.test.context.support.DirtiesContextBeforeModesTestExecutionListener -- Before test class: class [ZombieDaoImplTest], class annotated with @DirtiesContext [false] with mode [null]
16:10:32.665 [main] DEBUG org.springframework.test.context.support.DependencyInjectionTestExecutionListener -- Performing dependency injection for test class com.oxyl.epf.dao.impl.ZombieDaoImplTest
16:10:32.665 [main] DEBUG org.springframework.test.context.support.AbstractGenericContextLoader -- Loading ApplicationContext for test class com.oxyl.epf.dao.impl.ZombieDaoImplTest
16:10:32.681 [main] DEBUG org.springframework.core.env.StandardEnvironment -- Activating profiles [test]
16:10:32.681 [main] DEBUG org.springframework.test.context.support.AnnotationConfigContextLoader -- Registering component classes: [com.oxyl.epf.config.TestDataSourceConfig]
16:10:32.696 [main] DEBUG org.springframework.context.support.GenericApplicationContext -- Refreshing org.springframework.context.support.GenericApplicationContext@6692b6c6
16:10:32.701 [main] DEBUG org.springframework.beans.factory.support.DefaultListableBeanFactory -- Creating shared instance of singleton bean 'org.springframework.context.annotation.internalConfigurationAnnotationProcessor'
16:10:32.756 [main] DEBUG org.springframework.beans.factory.support.DefaultListableBeanFactory -- Creating shared instance of singleton bean 'org.springframework.context.event.internalEventListenerProcessor'
16:10:32.758 [main] DEBUG org.springframework.beans.factory.support.DefaultListableBeanFactory -- Creating shared instance of singleton bean 'org.springframework.context.event.internalEventListenerFactory'
16:10:32.759 [main] DEBUG org.springframework.beans.factory.support.DefaultListableBeanFactory -- Creating shared instance of singleton bean 'org.springframework.context.annotation.internalAutowiredAnnotationProcessor'
16:10:32.763 [main] DEBUG org.springframework.beans.factory.support.DefaultListableBeanFactory -- Creating shared instance of singleton bean 'org.springframework.test.context.support.internalDynamicPropertyRegistrarBeanInitializer'
16:10:32.765 [main] DEBUG org.springframework.beans.factory.support.DefaultListableBeanFactory -- Creating shared instance of singleton bean 'testDataSourceConfig'
16:10:32.766 [main] DEBUG org.springframework.beans.factory.support.DefaultListableBeanFactory -- Creating shared instance of singleton bean 'dataSource'
16:10:32.772 [main] INFO org.springframework.jdbc.datasource.embedded.EmbeddedDatabaseFactory -- Starting embedded database: url='jdbc:h2:mem:testdb;DB_CLOSE_DELAY=-1;DB_CLOSE_ON_EXIT=false', username='sa'
16:10:32.774 [main] DEBUG org.springframework.jdbc.datasource.DataSourceUtils -- Fetching JDBC Connection from DataSource
16:10:32.774 [main] DEBUG org.springframework.jdbc.datasource.SimpleDriverDataSource -- Creating new JDBC Driver Connection to [jdbc:h2:mem:testdb;DB_CLOSE_DELAY=-1;DB_CLOSE_ON_EXIT=false]
16:10:32.874 [main] DEBUG org.springframework.jdbc.datasource.init.ScriptUtils -- Executing SQL script from class path resource [schema-h2.sql]
16:10:32.880 [main] DEBUG org.springframework.jdbc.datasource.init.ScriptUtils -- 0 returned as update count for SQL: DROP TABLE IF EXISTS Zombie
16:10:32.880 [main] DEBUG org.springframework.jdbc.datasource.init.ScriptUtils -- 0 returned as update count for SQL: DROP TABLE IF EXISTS Plante
16:10:32.880 [main] DEBUG org.springframework.jdbc.datasource.init.ScriptUtils -- 0 returned as update count for SQL: DROP TABLE IF EXISTS Map
16:10:32.887 [main] DEBUG org.springframework.jdbc.datasource.init.ScriptUtils -- 0 returned as update count for SQL: CREATE TABLE Map ( id_map INT AUTO_INCREMENT PRIMARY KEY, ligne INT NOT NULL CHECK (ligne >= 0), colonne INT NOT NULL CHECK (colonne >= 0), chemin_image VARCHAR(255) DEFAULT NULL )
16:10:32.888 [main] DEBUG org.springframework.jdbc.datasource.init.ScriptUtils -- 0 returned as update count for SQL: CREATE TABLE Plante ( id_plante INT AUTO_INCREMENT PRIMARY KEY, nom VARCHAR(255) NOT NULL, point_de_vie INT NOT NULL CHECK (point_de_vie >= 0), attaque_par_seconde DECIMAL(5, 2) DEFAULT 0.00, degat_attaque INT DEFAULT 0 CHECK (degat_attaque >= 0), cout INT NOT NULL CHECK (cout >= 0), soleil_par_seconde DECIMAL(5, 2) DEFAULT 0.00, effet VARCHAR(20) DEFAULT 'normal', chemin_image VARCHAR(255) DEFAULT NULL )
16:10:32.893 [main] DEBUG org.springframework.jdbc.datasource.init.ScriptUtils -- 0 returned as update count for SQL: CREATE TABLE Zombie ( id_zombie INT AUTO_INCREMENT PRIMARY KEY, nom VARCHAR(255) NOT NULL, point_de_vie INT NOT NULL CHECK (point_de_vie >= 0), attaque_par_seconde DECIMAL(5, 2) DEFAULT 0.00, degat_attaque INT NOT NULL CHECK (degat_attaque >= 0), vitesse_de_deplacement DECIMAL(5, 2) DEFAULT 0.00, chemin_image VARCHAR(255) DEFAULT NULL, id_map INT, FOREIGN KEY (id_map) REFERENCES Map(id_map) )
16:10:32.894 [main] DEBUG org.springframework.jdbc.datasource.init.ScriptUtils -- 1 returned as update count for SQL: INSERT INTO Map (ligne, colonne, chemin_image) VALUES (5, 8, 'test_map.png')
16:10:32.894 [main] DEBUG org.springframework.jdbc.datasource.init.ScriptUtils -- 1 returned as update count for SQL: INSERT INTO Plante (nom, point_de_vie, attaque_par_seconde, degat_attaque, cout, soleil_par_seconde, effet, chemin_image) VALUES ('Test Plant', 50, 0.5, 5, 100, 1.0, 'normal', 'test_plant.png')
16:10:32.895 [main] DEBUG org.springframework.jdbc.datasource.init.ScriptUtils -- 1 returned as update count for SQL: INSERT INTO Zombie (nom, point_de_vie, attaque_par_seconde, degat_attaque, vitesse_de_deplacement, chemin_image, id_map) VALUES ('Test Zombie', 100, 1.0, 10, 0.5, 'test_zombie.png', 1)
16:10:32.895 [main] DEBUG org.springframework.jdbc.datasource.init.ScriptUtils -- Executed SQL script from class path resource [schema-h2.sql] in 21 ms.
16:10:32.897 [main] DEBUG org.springframework.beans.factory.support.DefaultListableBeanFactory -- Creating shared instance of singleton bean 'jdbcTemplate'
16:10:32.899 [main] DEBUG org.springframework.beans.factory.support.DefaultListableBeanFactory -- Autowiring by type from bean name 'jdbcTemplate' via factory method to bean named 'dataSource'
16:10:32.903 [main] DEBUG org.springframework.beans.factory.support.DefaultListableBeanFactory -- Creating shared instance of singleton bean 'mapDao'
16:10:32.904 [main] DEBUG org.springframework.beans.factory.support.DefaultListableBeanFactory -- Autowiring by type from bean name 'mapDao' via factory method to bean named 'jdbcTemplate'
16:10:32.904 [main] DEBUG org.springframework.beans.factory.support.DefaultListableBeanFactory -- Creating shared instance of singleton bean 'zombieDao'
16:10:32.905 [main] DEBUG org.springframework.beans.factory.support.DefaultListableBeanFactory -- Autowiring by type from bean name 'zombieDao' via factory method to bean named 'jdbcTemplate'
16:10:32.905 [main] DEBUG org.springframework.beans.factory.support.DefaultListableBeanFactory -- Creating shared instance of singleton bean 'planteDao'
16:10:32.905 [main] DEBUG org.springframework.beans.factory.support.DefaultListableBeanFactory -- Autowiring by type from bean name 'planteDao' via factory method to bean named 'jdbcTemplate'
16:10:32.910 [main] DEBUG org.springframework.test.context.cache -- Spring test ApplicationContext cache statistics: [DefaultContextCache@240139e1 size = 1, maxSize = 32, parentContextCount = 0, hitCount = 0, missCount = 1, failureCount = 0]
16:10:32.912 [main] DEBUG org.springframework.test.context.cache -- Spring test ApplicationContext cache statistics: [DefaultContextCache@240139e1 size = 1, maxSize = 32, parentContextCount = 0, hitCount = 1, missCount = 1, failureCount = 0]
16:10:32.915 [main] DEBUG org.springframework.test.context.support.DirtiesContextBeforeModesTestExecutionListener -- Before test method: class [ZombieDaoImplTest], method [testFindAll], class annotated with @DirtiesContext [false] with mode [null], method annotated with @DirtiesContext [false] with mode [null]
16:10:32.917 [main] DEBUG org.springframework.test.context.cache -- Spring test ApplicationContext cache statistics: [DefaultContextCache@240139e1 size = 1, maxSize = 32, parentContextCount = 0, hitCount = 2, missCount = 1, failureCount = 0]
16:10:33.301 [main] DEBUG org.springframework.test.context.cache -- Spring test ApplicationContext cache statistics: [DefaultContextCache@240139e1 size = 1, maxSize = 32, parentContextCount = 0, hitCount = 3, missCount = 1, failureCount = 0]
16:10:33.305 [main] DEBUG org.springframework.jdbc.core.JdbcTemplate -- Executing SQL update [DELETE FROM Zombie]
16:10:33.305 [main] DEBUG org.springframework.jdbc.datasource.DataSourceUtils -- Fetching JDBC Connection from DataSource
16:10:33.305 [main] DEBUG org.springframework.jdbc.datasource.SimpleDriverDataSource -- Creating new JDBC Driver Connection to [jdbc:h2:mem:testdb;DB_CLOSE_DELAY=-1;DB_CLOSE_ON_EXIT=false]
16:10:33.307 [main] DEBUG org.springframework.jdbc.core.JdbcTemplate -- Executing SQL update [DELETE FROM Map]
16:10:33.307 [main] DEBUG org.springframework.jdbc.datasource.DataSourceUtils -- Fetching JDBC Connection from DataSource
16:10:33.307 [main] DEBUG org.springframework.jdbc.datasource.SimpleDriverDataSource -- Creating new JDBC Driver Connection to [jdbc:h2:mem:testdb;DB_CLOSE_DELAY=-1;DB_CLOSE_ON_EXIT=false]
16:10:33.308 [main] DEBUG org.springframework.jdbc.core.JdbcTemplate -- Executing SQL update [INSERT INTO Map (id_map, ligne, colonne, chemin_image) VALUES (1, 5, 8, 'test_map.png')]
16:10:33.308 [main] DEBUG org.springframework.jdbc.datasource.DataSourceUtils -- Fetching JDBC Connection from DataSource
16:10:33.308 [main] DEBUG org.springframework.jdbc.datasource.SimpleDriverDataSource -- Creating new JDBC Driver Connection to [jdbc:h2:mem:testdb;DB_CLOSE_DELAY=-1;DB_CLOSE_ON_EXIT=false]
16:10:33.308 [main] DEBUG org.springframework.jdbc.core.JdbcTemplate -- Executing SQL update [INSERT INTO Zombie (id_zombie, nom, point_de_vie, attaque_par_seconde, degat_attaque, vitesse_de_deplacement, chemin_image, id_map) VALUES (1, 'Test Zombie', 100, 1.0, 10, 0.5, 'test_zombie.png', 1)]
16:10:33.308 [main] DEBUG org.springframework.jdbc.datasource.DataSourceUtils -- Fetching JDBC Connection from DataSource
16:10:33.308 [main] DEBUG org.springframework.jdbc.datasource.SimpleDriverDataSource -- Creating new JDBC Driver Connection to [jdbc:h2:mem:testdb;DB_CLOSE_DELAY=-1;DB_CLOSE_ON_EXIT=false]
16:10:33.309 [main] DEBUG org.springframework.test.context.cache -- Spring test ApplicationContext cache statistics: [DefaultContextCache@240139e1 size = 1, maxSize = 32, parentContextCount = 0, hitCount = 4, missCount = 1, failureCount = 0]
16:10:33.310 [main] DEBUG org.springframework.jdbc.core.JdbcTemplate -- Executing SQL query [SELECT * FROM Zombie]
16:10:33.310 [main] DEBUG org.springframework.jdbc.datasource.DataSourceUtils -- Fetching JDBC Connection from DataSource
16:10:33.310 [main] DEBUG org.springframework.jdbc.datasource.SimpleDriverDataSource -- Creating new JDBC Driver Connection to [jdbc:h2:mem:testdb;DB_CLOSE_DELAY=-1;DB_CLOSE_ON_EXIT=false]
16:10:33.313 [main] DEBUG org.springframework.test.context.cache -- Spring test ApplicationContext cache statistics: [DefaultContextCache@240139e1 size = 1, maxSize = 32, parentContextCount = 0, hitCount = 5, missCount = 1, failureCount = 0]
16:10:33.313 [main] DEBUG org.springframework.test.context.cache -- Spring test ApplicationContext cache statistics: [DefaultContextCache@240139e1 size = 1, maxSize = 32, parentContextCount = 0, hitCount = 6, missCount = 1, failureCount = 0]
16:10:33.314 [main] DEBUG org.springframework.test.context.cache -- Spring test ApplicationContext cache statistics: [DefaultContextCache@240139e1 size = 1, maxSize = 32, parentContextCount = 0, hitCount = 7, missCount = 1, failureCount = 0]
16:10:33.314 [main] DEBUG org.springframework.test.context.support.DirtiesContextTestExecutionListener -- After test method: class [ZombieDaoImplTest], method [testFindAll], class annotated with @DirtiesContext [false] with mode [null], method annotated with @DirtiesContext [false] with mode [null]
]]></system-out>
    <system-err><![CDATA[WARNING: A Java agent has been loaded dynamically (/Users/antonindudragne/.m2/repository/net/bytebuddy/byte-buddy-agent/1.14.11/byte-buddy-agent-1.14.11.jar)
WARNING: If a serviceability tool is in use, please run with -XX:+EnableDynamicAgentLoading to hide this warning
WARNING: If a serviceability tool is not in use, please run with -Djdk.instrument.traceUsage for more information
WARNING: Dynamic loading of agents will be disallowed by default in a future release
]]></system-err>
  </testcase>
  <testcase name="testSave" classname="com.oxyl.epf.dao.impl.ZombieDaoImplTest" time="0.024">
    <system-out><![CDATA[16:10:33.317 [main] DEBUG org.springframework.test.context.support.DependencyInjectionTestExecutionListener -- Performing dependency injection for test class com.oxyl.epf.dao.impl.ZombieDaoImplTest
16:10:33.317 [main] DEBUG org.springframework.test.context.cache -- Spring test ApplicationContext cache statistics: [DefaultContextCache@240139e1 size = 1, maxSize = 32, parentContextCount = 0, hitCount = 8, missCount = 1, failureCount = 0]
16:10:33.317 [main] DEBUG org.springframework.test.context.cache -- Spring test ApplicationContext cache statistics: [DefaultContextCache@240139e1 size = 1, maxSize = 32, parentContextCount = 0, hitCount = 9, missCount = 1, failureCount = 0]
16:10:33.318 [main] DEBUG org.springframework.test.context.support.DirtiesContextBeforeModesTestExecutionListener -- Before test method: class [ZombieDaoImplTest], method [testSave], class annotated with @DirtiesContext [false] with mode [null], method annotated with @DirtiesContext [false] with mode [null]
16:10:33.318 [main] DEBUG org.springframework.test.context.cache -- Spring test ApplicationContext cache statistics: [DefaultContextCache@240139e1 size = 1, maxSize = 32, parentContextCount = 0, hitCount = 10, missCount = 1, failureCount = 0]
16:10:33.318 [main] DEBUG org.springframework.test.context.cache -- Spring test ApplicationContext cache statistics: [DefaultContextCache@240139e1 size = 1, maxSize = 32, parentContextCount = 0, hitCount = 11, missCount = 1, failureCount = 0]
16:10:33.318 [main] DEBUG org.springframework.jdbc.core.JdbcTemplate -- Executing SQL update [DELETE FROM Zombie]
16:10:33.318 [main] DEBUG org.springframework.jdbc.datasource.DataSourceUtils -- Fetching JDBC Connection from DataSource
16:10:33.318 [main] DEBUG org.springframework.jdbc.datasource.SimpleDriverDataSource -- Creating new JDBC Driver Connection to [jdbc:h2:mem:testdb;DB_CLOSE_DELAY=-1;DB_CLOSE_ON_EXIT=false]
16:10:33.319 [main] DEBUG org.springframework.jdbc.core.JdbcTemplate -- Executing SQL update [DELETE FROM Map]
16:10:33.319 [main] DEBUG org.springframework.jdbc.datasource.DataSourceUtils -- Fetching JDBC Connection from DataSource
16:10:33.319 [main] DEBUG org.springframework.jdbc.datasource.SimpleDriverDataSource -- Creating new JDBC Driver Connection to [jdbc:h2:mem:testdb;DB_CLOSE_DELAY=-1;DB_CLOSE_ON_EXIT=false]
16:10:33.319 [main] DEBUG org.springframework.jdbc.core.JdbcTemplate -- Executing SQL update [INSERT INTO Map (id_map, ligne, colonne, chemin_image) VALUES (1, 5, 8, 'test_map.png')]
16:10:33.319 [main] DEBUG org.springframework.jdbc.datasource.DataSourceUtils -- Fetching JDBC Connection from DataSource
16:10:33.320 [main] DEBUG org.springframework.jdbc.datasource.SimpleDriverDataSource -- Creating new JDBC Driver Connection to [jdbc:h2:mem:testdb;DB_CLOSE_DELAY=-1;DB_CLOSE_ON_EXIT=false]
16:10:33.320 [main] DEBUG org.springframework.jdbc.core.JdbcTemplate -- Executing SQL update [INSERT INTO Zombie (id_zombie, nom, point_de_vie, attaque_par_seconde, degat_attaque, vitesse_de_deplacement, chemin_image, id_map) VALUES (1, 'Test Zombie', 100, 1.0, 10, 0.5, 'test_zombie.png', 1)]
16:10:33.320 [main] DEBUG org.springframework.jdbc.datasource.DataSourceUtils -- Fetching JDBC Connection from DataSource
16:10:33.320 [main] DEBUG org.springframework.jdbc.datasource.SimpleDriverDataSource -- Creating new JDBC Driver Connection to [jdbc:h2:mem:testdb;DB_CLOSE_DELAY=-1;DB_CLOSE_ON_EXIT=false]
16:10:33.320 [main] DEBUG org.springframework.test.context.cache -- Spring test ApplicationContext cache statistics: [DefaultContextCache@240139e1 size = 1, maxSize = 32, parentContextCount = 0, hitCount = 12, missCount = 1, failureCount = 0]
16:10:33.329 [main] DEBUG org.springframework.jdbc.core.JdbcTemplate -- Executing prepared SQL query
16:10:33.329 [main] DEBUG org.springframework.jdbc.core.JdbcTemplate -- Executing prepared SQL statement [SELECT COUNT(*) FROM Map WHERE id_map = ?]
16:10:33.329 [main] DEBUG org.springframework.jdbc.datasource.DataSourceUtils -- Fetching JDBC Connection from DataSource
16:10:33.329 [main] DEBUG org.springframework.jdbc.datasource.SimpleDriverDataSource -- Creating new JDBC Driver Connection to [jdbc:h2:mem:testdb;DB_CLOSE_DELAY=-1;DB_CLOSE_ON_EXIT=false]
16:10:33.337 [main] DEBUG org.springframework.jdbc.core.JdbcTemplate -- Executing prepared SQL update
16:10:33.337 [main] DEBUG org.springframework.jdbc.core.JdbcTemplate -- Executing prepared SQL statement [INSERT INTO Zombie (nom, point_de_vie, attaque_par_seconde, degat_attaque, vitesse_de_deplacement, chemin_image, id_map) VALUES (?, ?, ?, ?, ?, ?, ?)]
16:10:33.337 [main] DEBUG org.springframework.jdbc.datasource.DataSourceUtils -- Fetching JDBC Connection from DataSource
16:10:33.337 [main] DEBUG org.springframework.jdbc.datasource.SimpleDriverDataSource -- Creating new JDBC Driver Connection to [jdbc:h2:mem:testdb;DB_CLOSE_DELAY=-1;DB_CLOSE_ON_EXIT=false]
16:10:33.337 [main] DEBUG org.springframework.jdbc.core.JdbcTemplate -- Executing SQL query [SELECT * FROM Zombie]
16:10:33.338 [main] DEBUG org.springframework.jdbc.datasource.DataSourceUtils -- Fetching JDBC Connection from DataSource
16:10:33.338 [main] DEBUG org.springframework.jdbc.datasource.SimpleDriverDataSource -- Creating new JDBC Driver Connection to [jdbc:h2:mem:testdb;DB_CLOSE_DELAY=-1;DB_CLOSE_ON_EXIT=false]
Zombies content:
ID: 1, Name: Test Zombie, HP: 100, Map ID: 1
ID: 2, Name: New Zombie, HP: 150, Map ID: 1
Raw database content:
16:10:33.340 [main] DEBUG org.springframework.jdbc.core.JdbcTemplate -- Executing SQL query [SELECT * FROM Zombie]
16:10:33.340 [main] DEBUG org.springframework.jdbc.datasource.DataSourceUtils -- Fetching JDBC Connection from DataSource
16:10:33.340 [main] DEBUG org.springframework.jdbc.datasource.SimpleDriverDataSource -- Creating new JDBC Driver Connection to [jdbc:h2:mem:testdb;DB_CLOSE_DELAY=-1;DB_CLOSE_ON_EXIT=false]
{ID_ZOMBIE=1, NOM=Test Zombie, POINT_DE_VIE=100, ATTAQUE_PAR_SECONDE=1.00, DEGAT_ATTAQUE=10, VITESSE_DE_DEPLACEMENT=0.50, CHEMIN_IMAGE=test_zombie.png, ID_MAP=1}
{ID_ZOMBIE=2, NOM=New Zombie, POINT_DE_VIE=150, ATTAQUE_PAR_SECONDE=0.70, DEGAT_ATTAQUE=15, VITESSE_DE_DEPLACEMENT=0.80, CHEMIN_IMAGE=new_zombie.png, ID_MAP=1}
16:10:33.341 [main] DEBUG org.springframework.test.context.cache -- Spring test ApplicationContext cache statistics: [DefaultContextCache@240139e1 size = 1, maxSize = 32, parentContextCount = 0, hitCount = 13, missCount = 1, failureCount = 0]
16:10:33.341 [main] DEBUG org.springframework.test.context.cache -- Spring test ApplicationContext cache statistics: [DefaultContextCache@240139e1 size = 1, maxSize = 32, parentContextCount = 0, hitCount = 14, missCount = 1, failureCount = 0]
16:10:33.342 [main] DEBUG org.springframework.test.context.cache -- Spring test ApplicationContext cache statistics: [DefaultContextCache@240139e1 size = 1, maxSize = 32, parentContextCount = 0, hitCount = 15, missCount = 1, failureCount = 0]
16:10:33.342 [main] DEBUG org.springframework.test.context.support.DirtiesContextTestExecutionListener -- After test method: class [ZombieDaoImplTest], method [testSave], class annotated with @DirtiesContext [false] with mode [null], method annotated with @DirtiesContext [false] with mode [null]
]]></system-out>
  </testcase>
  <testcase name="testFindById" classname="com.oxyl.epf.dao.impl.ZombieDaoImplTest" time="0.004">
    <system-out><![CDATA[16:10:33.342 [main] DEBUG org.springframework.test.context.support.DependencyInjectionTestExecutionListener -- Performing dependency injection for test class com.oxyl.epf.dao.impl.ZombieDaoImplTest
16:10:33.342 [main] DEBUG org.springframework.test.context.cache -- Spring test ApplicationContext cache statistics: [DefaultContextCache@240139e1 size = 1, maxSize = 32, parentContextCount = 0, hitCount = 16, missCount = 1, failureCount = 0]
16:10:33.342 [main] DEBUG org.springframework.test.context.cache -- Spring test ApplicationContext cache statistics: [DefaultContextCache@240139e1 size = 1, maxSize = 32, parentContextCount = 0, hitCount = 17, missCount = 1, failureCount = 0]
16:10:33.343 [main] DEBUG org.springframework.test.context.support.DirtiesContextBeforeModesTestExecutionListener -- Before test method: class [ZombieDaoImplTest], method [testFindById], class annotated with @DirtiesContext [false] with mode [null], method annotated with @DirtiesContext [false] with mode [null]
16:10:33.343 [main] DEBUG org.springframework.test.context.cache -- Spring test ApplicationContext cache statistics: [DefaultContextCache@240139e1 size = 1, maxSize = 32, parentContextCount = 0, hitCount = 18, missCount = 1, failureCount = 0]
16:10:33.343 [main] DEBUG org.springframework.test.context.cache -- Spring test ApplicationContext cache statistics: [DefaultContextCache@240139e1 size = 1, maxSize = 32, parentContextCount = 0, hitCount = 19, missCount = 1, failureCount = 0]
16:10:33.344 [main] DEBUG org.springframework.jdbc.core.JdbcTemplate -- Executing SQL update [DELETE FROM Zombie]
16:10:33.344 [main] DEBUG org.springframework.jdbc.datasource.DataSourceUtils -- Fetching JDBC Connection from DataSource
16:10:33.344 [main] DEBUG org.springframework.jdbc.datasource.SimpleDriverDataSource -- Creating new JDBC Driver Connection to [jdbc:h2:mem:testdb;DB_CLOSE_DELAY=-1;DB_CLOSE_ON_EXIT=false]
16:10:33.344 [main] DEBUG org.springframework.jdbc.core.JdbcTemplate -- Executing SQL update [DELETE FROM Map]
16:10:33.344 [main] DEBUG org.springframework.jdbc.datasource.DataSourceUtils -- Fetching JDBC Connection from DataSource
16:10:33.344 [main] DEBUG org.springframework.jdbc.datasource.SimpleDriverDataSource -- Creating new JDBC Driver Connection to [jdbc:h2:mem:testdb;DB_CLOSE_DELAY=-1;DB_CLOSE_ON_EXIT=false]
16:10:33.345 [main] DEBUG org.springframework.jdbc.core.JdbcTemplate -- Executing SQL update [INSERT INTO Map (id_map, ligne, colonne, chemin_image) VALUES (1, 5, 8, 'test_map.png')]
16:10:33.345 [main] DEBUG org.springframework.jdbc.datasource.DataSourceUtils -- Fetching JDBC Connection from DataSource
16:10:33.345 [main] DEBUG org.springframework.jdbc.datasource.SimpleDriverDataSource -- Creating new JDBC Driver Connection to [jdbc:h2:mem:testdb;DB_CLOSE_DELAY=-1;DB_CLOSE_ON_EXIT=false]
16:10:33.345 [main] DEBUG org.springframework.jdbc.core.JdbcTemplate -- Executing SQL update [INSERT INTO Zombie (id_zombie, nom, point_de_vie, attaque_par_seconde, degat_attaque, vitesse_de_deplacement, chemin_image, id_map) VALUES (1, 'Test Zombie', 100, 1.0, 10, 0.5, 'test_zombie.png', 1)]
16:10:33.345 [main] DEBUG org.springframework.jdbc.datasource.DataSourceUtils -- Fetching JDBC Connection from DataSource
16:10:33.345 [main] DEBUG org.springframework.jdbc.datasource.SimpleDriverDataSource -- Creating new JDBC Driver Connection to [jdbc:h2:mem:testdb;DB_CLOSE_DELAY=-1;DB_CLOSE_ON_EXIT=false]
16:10:33.346 [main] DEBUG org.springframework.test.context.cache -- Spring test ApplicationContext cache statistics: [DefaultContextCache@240139e1 size = 1, maxSize = 32, parentContextCount = 0, hitCount = 20, missCount = 1, failureCount = 0]
16:10:33.346 [main] DEBUG org.springframework.jdbc.core.JdbcTemplate -- Executing prepared SQL query
16:10:33.346 [main] DEBUG org.springframework.jdbc.core.JdbcTemplate -- Executing prepared SQL statement [SELECT * FROM Zombie WHERE id_zombie = ?]
16:10:33.346 [main] DEBUG org.springframework.jdbc.datasource.DataSourceUtils -- Fetching JDBC Connection from DataSource
16:10:33.346 [main] DEBUG org.springframework.jdbc.datasource.SimpleDriverDataSource -- Creating new JDBC Driver Connection to [jdbc:h2:mem:testdb;DB_CLOSE_DELAY=-1;DB_CLOSE_ON_EXIT=false]
16:10:33.346 [main] DEBUG org.springframework.test.context.cache -- Spring test ApplicationContext cache statistics: [DefaultContextCache@240139e1 size = 1, maxSize = 32, parentContextCount = 0, hitCount = 21, missCount = 1, failureCount = 0]
16:10:33.346 [main] DEBUG org.springframework.test.context.cache -- Spring test ApplicationContext cache statistics: [DefaultContextCache@240139e1 size = 1, maxSize = 32, parentContextCount = 0, hitCount = 22, missCount = 1, failureCount = 0]
16:10:33.346 [main] DEBUG org.springframework.test.context.cache -- Spring test ApplicationContext cache statistics: [DefaultContextCache@240139e1 size = 1, maxSize = 32, parentContextCount = 0, hitCount = 23, missCount = 1, failureCount = 0]
16:10:33.346 [main] DEBUG org.springframework.test.context.support.DirtiesContextTestExecutionListener -- After test method: class [ZombieDaoImplTest], method [testFindById], class annotated with @DirtiesContext [false] with mode [null], method annotated with @DirtiesContext [false] with mode [null]
]]></system-out>
  </testcase>
  <testcase name="testFindByMapId" classname="com.oxyl.epf.dao.impl.ZombieDaoImplTest" time="0.004">
    <system-out><![CDATA[16:10:33.347 [main] DEBUG org.springframework.test.context.support.DependencyInjectionTestExecutionListener -- Performing dependency injection for test class com.oxyl.epf.dao.impl.ZombieDaoImplTest
16:10:33.347 [main] DEBUG org.springframework.test.context.cache -- Spring test ApplicationContext cache statistics: [DefaultContextCache@240139e1 size = 1, maxSize = 32, parentContextCount = 0, hitCount = 24, missCount = 1, failureCount = 0]
16:10:33.347 [main] DEBUG org.springframework.test.context.cache -- Spring test ApplicationContext cache statistics: [DefaultContextCache@240139e1 size = 1, maxSize = 32, parentContextCount = 0, hitCount = 25, missCount = 1, failureCount = 0]
16:10:33.348 [main] DEBUG org.springframework.test.context.support.DirtiesContextBeforeModesTestExecutionListener -- Before test method: class [ZombieDaoImplTest], method [testFindByMapId], class annotated with @DirtiesContext [false] with mode [null], method annotated with @DirtiesContext [false] with mode [null]
16:10:33.348 [main] DEBUG org.springframework.test.context.cache -- Spring test ApplicationContext cache statistics: [DefaultContextCache@240139e1 size = 1, maxSize = 32, parentContextCount = 0, hitCount = 26, missCount = 1, failureCount = 0]
16:10:33.348 [main] DEBUG org.springframework.test.context.cache -- Spring test ApplicationContext cache statistics: [DefaultContextCache@240139e1 size = 1, maxSize = 32, parentContextCount = 0, hitCount = 27, missCount = 1, failureCount = 0]
16:10:33.348 [main] DEBUG org.springframework.jdbc.core.JdbcTemplate -- Executing SQL update [DELETE FROM Zombie]
16:10:33.348 [main] DEBUG org.springframework.jdbc.datasource.DataSourceUtils -- Fetching JDBC Connection from DataSource
16:10:33.348 [main] DEBUG org.springframework.jdbc.datasource.SimpleDriverDataSource -- Creating new JDBC Driver Connection to [jdbc:h2:mem:testdb;DB_CLOSE_DELAY=-1;DB_CLOSE_ON_EXIT=false]
16:10:33.349 [main] DEBUG org.springframework.jdbc.core.JdbcTemplate -- Executing SQL update [DELETE FROM Map]
16:10:33.349 [main] DEBUG org.springframework.jdbc.datasource.DataSourceUtils -- Fetching JDBC Connection from DataSource
16:10:33.349 [main] DEBUG org.springframework.jdbc.datasource.SimpleDriverDataSource -- Creating new JDBC Driver Connection to [jdbc:h2:mem:testdb;DB_CLOSE_DELAY=-1;DB_CLOSE_ON_EXIT=false]
16:10:33.350 [main] DEBUG org.springframework.jdbc.core.JdbcTemplate -- Executing SQL update [INSERT INTO Map (id_map, ligne, colonne, chemin_image) VALUES (1, 5, 8, 'test_map.png')]
16:10:33.350 [main] DEBUG org.springframework.jdbc.datasource.DataSourceUtils -- Fetching JDBC Connection from DataSource
16:10:33.350 [main] DEBUG org.springframework.jdbc.datasource.SimpleDriverDataSource -- Creating new JDBC Driver Connection to [jdbc:h2:mem:testdb;DB_CLOSE_DELAY=-1;DB_CLOSE_ON_EXIT=false]
16:10:33.350 [main] DEBUG org.springframework.jdbc.core.JdbcTemplate -- Executing SQL update [INSERT INTO Zombie (id_zombie, nom, point_de_vie, attaque_par_seconde, degat_attaque, vitesse_de_deplacement, chemin_image, id_map) VALUES (1, 'Test Zombie', 100, 1.0, 10, 0.5, 'test_zombie.png', 1)]
16:10:33.350 [main] DEBUG org.springframework.jdbc.datasource.DataSourceUtils -- Fetching JDBC Connection from DataSource
16:10:33.350 [main] DEBUG org.springframework.jdbc.datasource.SimpleDriverDataSource -- Creating new JDBC Driver Connection to [jdbc:h2:mem:testdb;DB_CLOSE_DELAY=-1;DB_CLOSE_ON_EXIT=false]
16:10:33.351 [main] DEBUG org.springframework.test.context.cache -- Spring test ApplicationContext cache statistics: [DefaultContextCache@240139e1 size = 1, maxSize = 32, parentContextCount = 0, hitCount = 28, missCount = 1, failureCount = 0]
16:10:33.351 [main] DEBUG org.springframework.jdbc.core.JdbcTemplate -- Executing prepared SQL query
16:10:33.351 [main] DEBUG org.springframework.jdbc.core.JdbcTemplate -- Executing prepared SQL statement [SELECT * FROM Zombie WHERE id_map = ?]
16:10:33.351 [main] DEBUG org.springframework.jdbc.datasource.DataSourceUtils -- Fetching JDBC Connection from DataSource
16:10:33.351 [main] DEBUG org.springframework.jdbc.datasource.SimpleDriverDataSource -- Creating new JDBC Driver Connection to [jdbc:h2:mem:testdb;DB_CLOSE_DELAY=-1;DB_CLOSE_ON_EXIT=false]
16:10:33.351 [main] DEBUG org.springframework.test.context.cache -- Spring test ApplicationContext cache statistics: [DefaultContextCache@240139e1 size = 1, maxSize = 32, parentContextCount = 0, hitCount = 29, missCount = 1, failureCount = 0]
16:10:33.351 [main] DEBUG org.springframework.test.context.cache -- Spring test ApplicationContext cache statistics: [DefaultContextCache@240139e1 size = 1, maxSize = 32, parentContextCount = 0, hitCount = 30, missCount = 1, failureCount = 0]
16:10:33.352 [main] DEBUG org.springframework.test.context.cache -- Spring test ApplicationContext cache statistics: [DefaultContextCache@240139e1 size = 1, maxSize = 32, parentContextCount = 0, hitCount = 31, missCount = 1, failureCount = 0]
16:10:33.352 [main] DEBUG org.springframework.test.context.support.DirtiesContextTestExecutionListener -- After test method: class [ZombieDaoImplTest], method [testFindByMapId], class annotated with @DirtiesContext [false] with mode [null], method annotated with @DirtiesContext [false] with mode [null]
]]></system-out>
  </testcase>
  <testcase name="testDeleteById" classname="com.oxyl.epf.dao.impl.ZombieDaoImplTest" time="0.004">
    <system-out><![CDATA[16:10:33.352 [main] DEBUG org.springframework.test.context.support.DependencyInjectionTestExecutionListener -- Performing dependency injection for test class com.oxyl.epf.dao.impl.ZombieDaoImplTest
16:10:33.352 [main] DEBUG org.springframework.test.context.cache -- Spring test ApplicationContext cache statistics: [DefaultContextCache@240139e1 size = 1, maxSize = 32, parentContextCount = 0, hitCount = 32, missCount = 1, failureCount = 0]
16:10:33.353 [main] DEBUG org.springframework.test.context.cache -- Spring test ApplicationContext cache statistics: [DefaultContextCache@240139e1 size = 1, maxSize = 32, parentContextCount = 0, hitCount = 33, missCount = 1, failureCount = 0]
16:10:33.353 [main] DEBUG org.springframework.test.context.support.DirtiesContextBeforeModesTestExecutionListener -- Before test method: class [ZombieDaoImplTest], method [testDeleteById], class annotated with @DirtiesContext [false] with mode [null], method annotated with @DirtiesContext [false] with mode [null]
16:10:33.353 [main] DEBUG org.springframework.test.context.cache -- Spring test ApplicationContext cache statistics: [DefaultContextCache@240139e1 size = 1, maxSize = 32, parentContextCount = 0, hitCount = 34, missCount = 1, failureCount = 0]
16:10:33.353 [main] DEBUG org.springframework.test.context.cache -- Spring test ApplicationContext cache statistics: [DefaultContextCache@240139e1 size = 1, maxSize = 32, parentContextCount = 0, hitCount = 35, missCount = 1, failureCount = 0]
16:10:33.354 [main] DEBUG org.springframework.jdbc.core.JdbcTemplate -- Executing SQL update [DELETE FROM Zombie]
16:10:33.354 [main] DEBUG org.springframework.jdbc.datasource.DataSourceUtils -- Fetching JDBC Connection from DataSource
16:10:33.354 [main] DEBUG org.springframework.jdbc.datasource.SimpleDriverDataSource -- Creating new JDBC Driver Connection to [jdbc:h2:mem:testdb;DB_CLOSE_DELAY=-1;DB_CLOSE_ON_EXIT=false]
16:10:33.354 [main] DEBUG org.springframework.jdbc.core.JdbcTemplate -- Executing SQL update [DELETE FROM Map]
16:10:33.354 [main] DEBUG org.springframework.jdbc.datasource.DataSourceUtils -- Fetching JDBC Connection from DataSource
16:10:33.354 [main] DEBUG org.springframework.jdbc.datasource.SimpleDriverDataSource -- Creating new JDBC Driver Connection to [jdbc:h2:mem:testdb;DB_CLOSE_DELAY=-1;DB_CLOSE_ON_EXIT=false]
16:10:33.354 [main] DEBUG org.springframework.jdbc.core.JdbcTemplate -- Executing SQL update [INSERT INTO Map (id_map, ligne, colonne, chemin_image) VALUES (1, 5, 8, 'test_map.png')]
16:10:33.354 [main] DEBUG org.springframework.jdbc.datasource.DataSourceUtils -- Fetching JDBC Connection from DataSource
16:10:33.354 [main] DEBUG org.springframework.jdbc.datasource.SimpleDriverDataSource -- Creating new JDBC Driver Connection to [jdbc:h2:mem:testdb;DB_CLOSE_DELAY=-1;DB_CLOSE_ON_EXIT=false]
16:10:33.355 [main] DEBUG org.springframework.jdbc.core.JdbcTemplate -- Executing SQL update [INSERT INTO Zombie (id_zombie, nom, point_de_vie, attaque_par_seconde, degat_attaque, vitesse_de_deplacement, chemin_image, id_map) VALUES (1, 'Test Zombie', 100, 1.0, 10, 0.5, 'test_zombie.png', 1)]
16:10:33.355 [main] DEBUG org.springframework.jdbc.datasource.DataSourceUtils -- Fetching JDBC Connection from DataSource
16:10:33.355 [main] DEBUG org.springframework.jdbc.datasource.SimpleDriverDataSource -- Creating new JDBC Driver Connection to [jdbc:h2:mem:testdb;DB_CLOSE_DELAY=-1;DB_CLOSE_ON_EXIT=false]
16:10:33.355 [main] DEBUG org.springframework.test.context.cache -- Spring test ApplicationContext cache statistics: [DefaultContextCache@240139e1 size = 1, maxSize = 32, parentContextCount = 0, hitCount = 36, missCount = 1, failureCount = 0]
16:10:33.355 [main] DEBUG org.springframework.jdbc.core.JdbcTemplate -- Executing prepared SQL update
16:10:33.355 [main] DEBUG org.springframework.jdbc.core.JdbcTemplate -- Executing prepared SQL statement [DELETE FROM Zombie WHERE id_zombie = ?]
16:10:33.355 [main] DEBUG org.springframework.jdbc.datasource.DataSourceUtils -- Fetching JDBC Connection from DataSource
16:10:33.355 [main] DEBUG org.springframework.jdbc.datasource.SimpleDriverDataSource -- Creating new JDBC Driver Connection to [jdbc:h2:mem:testdb;DB_CLOSE_DELAY=-1;DB_CLOSE_ON_EXIT=false]
16:10:33.356 [main] DEBUG org.springframework.jdbc.core.JdbcTemplate -- Executing prepared SQL query
16:10:33.356 [main] DEBUG org.springframework.jdbc.core.JdbcTemplate -- Executing prepared SQL statement [SELECT * FROM Zombie WHERE id_zombie = ?]
16:10:33.356 [main] DEBUG org.springframework.jdbc.datasource.DataSourceUtils -- Fetching JDBC Connection from DataSource
16:10:33.356 [main] DEBUG org.springframework.jdbc.datasource.SimpleDriverDataSource -- Creating new JDBC Driver Connection to [jdbc:h2:mem:testdb;DB_CLOSE_DELAY=-1;DB_CLOSE_ON_EXIT=false]
16:10:33.356 [main] DEBUG org.springframework.test.context.cache -- Spring test ApplicationContext cache statistics: [DefaultContextCache@240139e1 size = 1, maxSize = 32, parentContextCount = 0, hitCount = 37, missCount = 1, failureCount = 0]
16:10:33.356 [main] DEBUG org.springframework.test.context.cache -- Spring test ApplicationContext cache statistics: [DefaultContextCache@240139e1 size = 1, maxSize = 32, parentContextCount = 0, hitCount = 38, missCount = 1, failureCount = 0]
16:10:33.356 [main] DEBUG org.springframework.test.context.cache -- Spring test ApplicationContext cache statistics: [DefaultContextCache@240139e1 size = 1, maxSize = 32, parentContextCount = 0, hitCount = 39, missCount = 1, failureCount = 0]
16:10:33.357 [main] DEBUG org.springframework.test.context.support.DirtiesContextTestExecutionListener -- After test method: class [ZombieDaoImplTest], method [testDeleteById], class annotated with @DirtiesContext [false] with mode [null], method annotated with @DirtiesContext [false] with mode [null]
]]></system-out>
  </testcase>
  <testcase name="testUpdate" classname="com.oxyl.epf.dao.impl.ZombieDaoImplTest" time="0.007">
    <system-out><![CDATA[16:10:33.357 [main] DEBUG org.springframework.test.context.support.DependencyInjectionTestExecutionListener -- Performing dependency injection for test class com.oxyl.epf.dao.impl.ZombieDaoImplTest
16:10:33.357 [main] DEBUG org.springframework.test.context.cache -- Spring test ApplicationContext cache statistics: [DefaultContextCache@240139e1 size = 1, maxSize = 32, parentContextCount = 0, hitCount = 40, missCount = 1, failureCount = 0]
16:10:33.357 [main] DEBUG org.springframework.test.context.cache -- Spring test ApplicationContext cache statistics: [DefaultContextCache@240139e1 size = 1, maxSize = 32, parentContextCount = 0, hitCount = 41, missCount = 1, failureCount = 0]
16:10:33.358 [main] DEBUG org.springframework.test.context.support.DirtiesContextBeforeModesTestExecutionListener -- Before test method: class [ZombieDaoImplTest], method [testUpdate], class annotated with @DirtiesContext [false] with mode [null], method annotated with @DirtiesContext [false] with mode [null]
16:10:33.358 [main] DEBUG org.springframework.test.context.cache -- Spring test ApplicationContext cache statistics: [DefaultContextCache@240139e1 size = 1, maxSize = 32, parentContextCount = 0, hitCount = 42, missCount = 1, failureCount = 0]
16:10:33.358 [main] DEBUG org.springframework.test.context.cache -- Spring test ApplicationContext cache statistics: [DefaultContextCache@240139e1 size = 1, maxSize = 32, parentContextCount = 0, hitCount = 43, missCount = 1, failureCount = 0]
16:10:33.358 [main] DEBUG org.springframework.jdbc.core.JdbcTemplate -- Executing SQL update [DELETE FROM Zombie]
16:10:33.358 [main] DEBUG org.springframework.jdbc.datasource.DataSourceUtils -- Fetching JDBC Connection from DataSource
16:10:33.358 [main] DEBUG org.springframework.jdbc.datasource.SimpleDriverDataSource -- Creating new JDBC Driver Connection to [jdbc:h2:mem:testdb;DB_CLOSE_DELAY=-1;DB_CLOSE_ON_EXIT=false]
16:10:33.359 [main] DEBUG org.springframework.jdbc.core.JdbcTemplate -- Executing SQL update [DELETE FROM Map]
16:10:33.359 [main] DEBUG org.springframework.jdbc.datasource.DataSourceUtils -- Fetching JDBC Connection from DataSource
16:10:33.359 [main] DEBUG org.springframework.jdbc.datasource.SimpleDriverDataSource -- Creating new JDBC Driver Connection to [jdbc:h2:mem:testdb;DB_CLOSE_DELAY=-1;DB_CLOSE_ON_EXIT=false]
16:10:33.359 [main] DEBUG org.springframework.jdbc.core.JdbcTemplate -- Executing SQL update [INSERT INTO Map (id_map, ligne, colonne, chemin_image) VALUES (1, 5, 8, 'test_map.png')]
16:10:33.359 [main] DEBUG org.springframework.jdbc.datasource.DataSourceUtils -- Fetching JDBC Connection from DataSource
16:10:33.359 [main] DEBUG org.springframework.jdbc.datasource.SimpleDriverDataSource -- Creating new JDBC Driver Connection to [jdbc:h2:mem:testdb;DB_CLOSE_DELAY=-1;DB_CLOSE_ON_EXIT=false]
16:10:33.360 [main] DEBUG org.springframework.jdbc.core.JdbcTemplate -- Executing SQL update [INSERT INTO Zombie (id_zombie, nom, point_de_vie, attaque_par_seconde, degat_attaque, vitesse_de_deplacement, chemin_image, id_map) VALUES (1, 'Test Zombie', 100, 1.0, 10, 0.5, 'test_zombie.png', 1)]
16:10:33.360 [main] DEBUG org.springframework.jdbc.datasource.DataSourceUtils -- Fetching JDBC Connection from DataSource
16:10:33.360 [main] DEBUG org.springframework.jdbc.datasource.SimpleDriverDataSource -- Creating new JDBC Driver Connection to [jdbc:h2:mem:testdb;DB_CLOSE_DELAY=-1;DB_CLOSE_ON_EXIT=false]
16:10:33.360 [main] DEBUG org.springframework.test.context.cache -- Spring test ApplicationContext cache statistics: [DefaultContextCache@240139e1 size = 1, maxSize = 32, parentContextCount = 0, hitCount = 44, missCount = 1, failureCount = 0]
16:10:33.360 [main] DEBUG org.springframework.jdbc.core.JdbcTemplate -- Executing prepared SQL query
16:10:33.360 [main] DEBUG org.springframework.jdbc.core.JdbcTemplate -- Executing prepared SQL statement [SELECT * FROM Zombie WHERE id_zombie = ?]
16:10:33.360 [main] DEBUG org.springframework.jdbc.datasource.DataSourceUtils -- Fetching JDBC Connection from DataSource
16:10:33.360 [main] DEBUG org.springframework.jdbc.datasource.SimpleDriverDataSource -- Creating new JDBC Driver Connection to [jdbc:h2:mem:testdb;DB_CLOSE_DELAY=-1;DB_CLOSE_ON_EXIT=false]
16:10:33.361 [main] DEBUG org.springframework.jdbc.core.JdbcTemplate -- Executing prepared SQL query
16:10:33.361 [main] DEBUG org.springframework.jdbc.core.JdbcTemplate -- Executing prepared SQL statement [SELECT COUNT(*) FROM Map WHERE id_map = ?]
16:10:33.361 [main] DEBUG org.springframework.jdbc.datasource.DataSourceUtils -- Fetching JDBC Connection from DataSource
16:10:33.361 [main] DEBUG org.springframework.jdbc.datasource.SimpleDriverDataSource -- Creating new JDBC Driver Connection to [jdbc:h2:mem:testdb;DB_CLOSE_DELAY=-1;DB_CLOSE_ON_EXIT=false]
16:10:33.361 [main] DEBUG org.springframework.jdbc.core.JdbcTemplate -- Executing prepared SQL update
16:10:33.361 [main] DEBUG org.springframework.jdbc.core.JdbcTemplate -- Executing prepared SQL statement [UPDATE Zombie SET nom=?, point_de_vie=?, attaque_par_seconde=?, degat_attaque=?, vitesse_de_deplacement=?, chemin_image=?, id_map=? WHERE id_zombie=?]
16:10:33.361 [main] DEBUG org.springframework.jdbc.datasource.DataSourceUtils -- Fetching JDBC Connection from DataSource
16:10:33.361 [main] DEBUG org.springframework.jdbc.datasource.SimpleDriverDataSource -- Creating new JDBC Driver Connection to [jdbc:h2:mem:testdb;DB_CLOSE_DELAY=-1;DB_CLOSE_ON_EXIT=false]
16:10:33.363 [main] DEBUG org.springframework.jdbc.core.JdbcTemplate -- Executing prepared SQL query
16:10:33.363 [main] DEBUG org.springframework.jdbc.core.JdbcTemplate -- Executing prepared SQL statement [SELECT * FROM Zombie WHERE id_zombie = ?]
16:10:33.363 [main] DEBUG org.springframework.jdbc.datasource.DataSourceUtils -- Fetching JDBC Connection from DataSource
16:10:33.363 [main] DEBUG org.springframework.jdbc.datasource.SimpleDriverDataSource -- Creating new JDBC Driver Connection to [jdbc:h2:mem:testdb;DB_CLOSE_DELAY=-1;DB_CLOSE_ON_EXIT=false]
16:10:33.364 [main] DEBUG org.springframework.test.context.cache -- Spring test ApplicationContext cache statistics: [DefaultContextCache@240139e1 size = 1, maxSize = 32, parentContextCount = 0, hitCount = 45, missCount = 1, failureCount = 0]
16:10:33.364 [main] DEBUG org.springframework.test.context.cache -- Spring test ApplicationContext cache statistics: [DefaultContextCache@240139e1 size = 1, maxSize = 32, parentContextCount = 0, hitCount = 46, missCount = 1, failureCount = 0]
16:10:33.364 [main] DEBUG org.springframework.test.context.cache -- Spring test ApplicationContext cache statistics: [DefaultContextCache@240139e1 size = 1, maxSize = 32, parentContextCount = 0, hitCount = 47, missCount = 1, failureCount = 0]
16:10:33.364 [main] DEBUG org.springframework.test.context.support.DirtiesContextTestExecutionListener -- After test method: class [ZombieDaoImplTest], method [testUpdate], class annotated with @DirtiesContext [false] with mode [null], method annotated with @DirtiesContext [false] with mode [null]
]]></system-out>
  </testcase>
</testsuite>