<?xml version="1.0" encoding="UTF-8"?>
<testsuite xmlns:xsi="http://www.w3.org/2001/XMLSchema-instance" xsi:noNamespaceSchemaLocation="https://maven.apache.org/surefire/maven-surefire-plugin/xsd/surefire-test-report-3.0.xsd" version="3.0" name="com.oxyl.epf.controller.ZombieControllerTest" time="0.055" tests="6" errors="0" skipped="0" failures="0">
  <properties>
[...]
</properties>
  <testcase name="testGetZombiesByMapId" classname="com.oxyl.epf.controller.ZombieControllerTest" time="0.024">
    <system-out><![CDATA[16:10:33.852 [main] DEBUG _org.springframework.web.servlet.HandlerMapping.Mappings -- 
	c.o.e.c.ZombieController:
	{GET [/zombies/{id}]}: getZombieById(int)
	{GET [/zombies/map/{mapId}]}: getZombiesByMapId(int)
	{GET [/zombies]}: getAllZombies()
	{POST [/zombies]}: createZombie(ZombieDto)
	{PUT [/zombies/{id}]}: updateZombie(int,ZombieDto)
	{DELETE [/zombies/{id}]}: deleteZombie(int)
16:10:33.852 [main] DEBUG org.springframework.web.servlet.mvc.method.annotation.RequestMappingHandlerMapping -- 6 mappings in org.springframework.web.servlet.mvc.method.annotation.RequestMappingHandlerMapping
16:10:33.853 [main] DEBUG org.springframework.web.servlet.mvc.method.annotation.RequestMappingHandlerAdapter -- ControllerAdvice beans: 0 @ModelAttribute, 0 @InitBinder, 1 RequestBodyAdvice, 1 ResponseBodyAdvice
16:10:33.853 [main] DEBUG org.springframework.web.servlet.mvc.method.annotation.ExceptionHandlerExceptionResolver -- ControllerAdvice beans: 0 @ExceptionHandler, 1 ResponseBodyAdvice
16:10:33.853 [main] INFO org.springframework.mock.web.MockServletContext -- Initializing Spring TestDispatcherServlet ''
16:10:33.853 [main] INFO org.springframework.test.web.servlet.TestDispatcherServlet -- Initializing Servlet ''
16:10:33.853 [main] DEBUG org.springframework.test.web.servlet.TestDispatcherServlet -- Detected AcceptHeaderLocaleResolver
16:10:33.853 [main] DEBUG org.springframework.test.web.servlet.TestDispatcherServlet -- Detected FixedThemeResolver
16:10:33.853 [main] DEBUG org.springframework.test.web.servlet.TestDispatcherServlet -- Detected org.springframework.web.servlet.view.DefaultRequestToViewNameTranslator@409732fb
16:10:33.853 [main] DEBUG org.springframework.test.web.servlet.TestDispatcherServlet -- Detected org.springframework.web.servlet.support.SessionFlashMapManager@73d62b5
16:10:33.853 [main] DEBUG org.springframework.test.web.servlet.TestDispatcherServlet -- enableLoggingRequestDetails='false': request parameters and headers will be masked to prevent unsafe logging of potentially sensitive data
16:10:33.853 [main] INFO org.springframework.test.web.servlet.TestDispatcherServlet -- Completed initialization in 0 ms
16:10:33.853 [main] DEBUG org.springframework.test.web.servlet.TestDispatcherServlet -- GET "/zombies/map/1", parameters={}
16:10:33.854 [main] DEBUG org.springframework.web.servlet.mvc.method.annotation.RequestMappingHandlerMapping -- Mapped to com.oxyl.epf.controller.ZombieController#getZombiesByMapId(int)
16:10:33.854 [main] DEBUG org.springframework.web.servlet.mvc.method.annotation.HttpEntityMethodProcessor -- Using 'application/json', given [*/*] and supported [application/json, application/*+json]
16:10:33.854 [main] DEBUG org.springframework.web.servlet.mvc.method.annotation.HttpEntityMethodProcessor -- Writing [[com.oxyl.epf.dto.ZombieDto@63917fe1]]
16:10:33.856 [main] DEBUG org.springframework.test.web.servlet.TestDispatcherServlet -- Completed 200 OK
16:10:33.856 [main] DEBUG com.jayway.jsonpath.internal.path.CompiledPath -- Evaluating path: $[0]['nom']
]]></system-out>
  </testcase>
  <testcase name="testCreateZombie" classname="com.oxyl.epf.controller.ZombieControllerTest" time="0.009">
    <system-out><![CDATA[16:10:33.859 [main] DEBUG _org.springframework.web.servlet.HandlerMapping.Mappings -- 
	c.o.e.c.ZombieController:
	{GET [/zombies/{id}]}: getZombieById(int)
	{GET [/zombies/map/{mapId}]}: getZombiesByMapId(int)
	{GET [/zombies]}: getAllZombies()
	{POST [/zombies]}: createZombie(ZombieDto)
	{PUT [/zombies/{id}]}: updateZombie(int,ZombieDto)
	{DELETE [/zombies/{id}]}: deleteZombie(int)
16:10:33.859 [main] DEBUG org.springframework.web.servlet.mvc.method.annotation.RequestMappingHandlerMapping -- 6 mappings in org.springframework.web.servlet.mvc.method.annotation.RequestMappingHandlerMapping
16:10:33.859 [main] DEBUG org.springframework.web.servlet.mvc.method.annotation.RequestMappingHandlerAdapter -- ControllerAdvice beans: 0 @ModelAttribute, 0 @InitBinder, 1 RequestBodyAdvice, 1 ResponseBodyAdvice
16:10:33.859 [main] DEBUG org.springframework.web.servlet.mvc.method.annotation.ExceptionHandlerExceptionResolver -- ControllerAdvice beans: 0 @ExceptionHandler, 1 ResponseBodyAdvice
16:10:33.859 [main] INFO org.springframework.mock.web.MockServletContext -- Initializing Spring TestDispatcherServlet ''
16:10:33.859 [main] INFO org.springframework.test.web.servlet.TestDispatcherServlet -- Initializing Servlet ''
16:10:33.859 [main] DEBUG org.springframework.test.web.servlet.TestDispatcherServlet -- Detected AcceptHeaderLocaleResolver
16:10:33.859 [main] DEBUG org.springframework.test.web.servlet.TestDispatcherServlet -- Detected FixedThemeResolver
16:10:33.859 [main] DEBUG org.springframework.test.web.servlet.TestDispatcherServlet -- Detected org.springframework.web.servlet.view.DefaultRequestToViewNameTranslator@1c74d19
16:10:33.859 [main] DEBUG org.springframework.test.web.servlet.TestDispatcherServlet -- Detected org.springframework.web.servlet.support.SessionFlashMapManager@24197b13
16:10:33.859 [main] DEBUG org.springframework.test.web.servlet.TestDispatcherServlet -- enableLoggingRequestDetails='false': request parameters and headers will be masked to prevent unsafe logging of potentially sensitive data
16:10:33.860 [main] INFO org.springframework.test.web.servlet.TestDispatcherServlet -- Completed initialization in 0 ms
16:10:33.861 [main] DEBUG org.springframework.test.web.servlet.TestDispatcherServlet -- POST "/zombies", parameters={}
16:10:33.861 [main] DEBUG org.springframework.web.servlet.mvc.method.annotation.RequestMappingHandlerMapping -- Mapped to com.oxyl.epf.controller.ZombieController#createZombie(ZombieDto)
16:10:33.864 [main] DEBUG org.springframework.web.servlet.mvc.method.annotation.RequestResponseBodyMethodProcessor -- Read "application/json" to [com.oxyl.epf.dto.ZombieDto@4a1dda83]
16:10:33.864 [main] DEBUG org.springframework.web.servlet.mvc.method.annotation.HttpEntityMethodProcessor -- Using 'application/json', given [*/*] and supported [application/json, application/*+json]
16:10:33.864 [main] DEBUG org.springframework.web.servlet.mvc.method.annotation.HttpEntityMethodProcessor -- Nothing to write: null body
16:10:33.865 [main] DEBUG org.springframework.test.web.servlet.TestDispatcherServlet -- Completed 201 CREATED
]]></system-out>
  </testcase>
  <testcase name="testGetAllZombies" classname="com.oxyl.epf.controller.ZombieControllerTest" time="0.006">
    <system-out><![CDATA[16:10:33.868 [main] DEBUG _org.springframework.web.servlet.HandlerMapping.Mappings -- 
	c.o.e.c.ZombieController:
	{GET [/zombies/{id}]}: getZombieById(int)
	{GET [/zombies/map/{mapId}]}: getZombiesByMapId(int)
	{GET [/zombies]}: getAllZombies()
	{POST [/zombies]}: createZombie(ZombieDto)
	{PUT [/zombies/{id}]}: updateZombie(int,ZombieDto)
	{DELETE [/zombies/{id}]}: deleteZombie(int)
16:10:33.868 [main] DEBUG org.springframework.web.servlet.mvc.method.annotation.RequestMappingHandlerMapping -- 6 mappings in org.springframework.web.servlet.mvc.method.annotation.RequestMappingHandlerMapping
16:10:33.868 [main] DEBUG org.springframework.web.servlet.mvc.method.annotation.RequestMappingHandlerAdapter -- ControllerAdvice beans: 0 @ModelAttribute, 0 @InitBinder, 1 RequestBodyAdvice, 1 ResponseBodyAdvice
16:10:33.868 [main] DEBUG org.springframework.web.servlet.mvc.method.annotation.ExceptionHandlerExceptionResolver -- ControllerAdvice beans: 0 @ExceptionHandler, 1 ResponseBodyAdvice
16:10:33.869 [main] INFO org.springframework.mock.web.MockServletContext -- Initializing Spring TestDispatcherServlet ''
16:10:33.869 [main] INFO org.springframework.test.web.servlet.TestDispatcherServlet -- Initializing Servlet ''
16:10:33.869 [main] DEBUG org.springframework.test.web.servlet.TestDispatcherServlet -- Detected AcceptHeaderLocaleResolver
16:10:33.869 [main] DEBUG org.springframework.test.web.servlet.TestDispatcherServlet -- Detected FixedThemeResolver
16:10:33.869 [main] DEBUG org.springframework.test.web.servlet.TestDispatcherServlet -- Detected org.springframework.web.servlet.view.DefaultRequestToViewNameTranslator@5ac044ef
16:10:33.869 [main] DEBUG org.springframework.test.web.servlet.TestDispatcherServlet -- Detected org.springframework.web.servlet.support.SessionFlashMapManager@6afbe6a1
16:10:33.869 [main] DEBUG org.springframework.test.web.servlet.TestDispatcherServlet -- enableLoggingRequestDetails='false': request parameters and headers will be masked to prevent unsafe logging of potentially sensitive data
16:10:33.869 [main] INFO org.springframework.test.web.servlet.TestDispatcherServlet -- Completed initialization in 0 ms
16:10:33.869 [main] DEBUG org.springframework.test.web.servlet.TestDispatcherServlet -- GET "/zombies", parameters={}
16:10:33.869 [main] DEBUG org.springframework.web.servlet.mvc.method.annotation.RequestMappingHandlerMapping -- Mapped to com.oxyl.epf.controller.ZombieController#getAllZombies()
16:10:33.870 [main] DEBUG org.springframework.web.servlet.mvc.method.annotation.HttpEntityMethodProcessor -- Using 'application/json', given [*/*] and supported [application/json, application/*+json]
16:10:33.870 [main] DEBUG org.springframework.web.servlet.mvc.method.annotation.HttpEntityMethodProcessor -- Writing [[com.oxyl.epf.dto.ZombieDto@10e9a5fe]]
16:10:33.871 [main] DEBUG org.springframework.test.web.servlet.TestDispatcherServlet -- Completed 200 OK
16:10:33.871 [main] DEBUG com.jayway.jsonpath.internal.path.CompiledPath -- Evaluating path: $[0]['nom']
16:10:33.871 [main] DEBUG com.jayway.jsonpath.internal.path.CompiledPath -- Evaluating path: $[0]['idZombie']
]]></system-out>
  </testcase>
  <testcase name="testUpdateZombie" classname="com.oxyl.epf.controller.ZombieControllerTest" time="0.007">
    <system-out><![CDATA[16:10:33.873 [main] DEBUG _org.springframework.web.servlet.HandlerMapping.Mappings -- 
	c.o.e.c.ZombieController:
	{GET [/zombies/{id}]}: getZombieById(int)
	{GET [/zombies/map/{mapId}]}: getZombiesByMapId(int)
	{GET [/zombies]}: getAllZombies()
	{POST [/zombies]}: createZombie(ZombieDto)
	{PUT [/zombies/{id}]}: updateZombie(int,ZombieDto)
	{DELETE [/zombies/{id}]}: deleteZombie(int)
16:10:33.874 [main] DEBUG org.springframework.web.servlet.mvc.method.annotation.RequestMappingHandlerMapping -- 6 mappings in org.springframework.web.servlet.mvc.method.annotation.RequestMappingHandlerMapping
16:10:33.874 [main] DEBUG org.springframework.web.servlet.mvc.method.annotation.RequestMappingHandlerAdapter -- ControllerAdvice beans: 0 @ModelAttribute, 0 @InitBinder, 1 RequestBodyAdvice, 1 ResponseBodyAdvice
16:10:33.874 [main] DEBUG org.springframework.web.servlet.mvc.method.annotation.ExceptionHandlerExceptionResolver -- ControllerAdvice beans: 0 @ExceptionHandler, 1 ResponseBodyAdvice
16:10:33.874 [main] INFO org.springframework.mock.web.MockServletContext -- Initializing Spring TestDispatcherServlet ''
16:10:33.874 [main] INFO org.springframework.test.web.servlet.TestDispatcherServlet -- Initializing Servlet ''
16:10:33.874 [main] DEBUG org.springframework.test.web.servlet.TestDispatcherServlet -- Detected AcceptHeaderLocaleResolver
16:10:33.874 [main] DEBUG org.springframework.test.web.servlet.TestDispatcherServlet -- Detected FixedThemeResolver
16:10:33.874 [main] DEBUG org.springframework.test.web.servlet.TestDispatcherServlet -- Detected org.springframework.web.servlet.view.DefaultRequestToViewNameTranslator@70091872
16:10:33.874 [main] DEBUG org.springframework.test.web.servlet.TestDispatcherServlet -- Detected org.springframework.web.servlet.support.SessionFlashMapManager@105db94d
16:10:33.874 [main] DEBUG org.springframework.test.web.servlet.TestDispatcherServlet -- enableLoggingRequestDetails='false': request parameters and headers will be masked to prevent unsafe logging of potentially sensitive data
16:10:33.874 [main] INFO org.springframework.test.web.servlet.TestDispatcherServlet -- Completed initialization in 0 ms
16:10:33.876 [main] DEBUG org.springframework.test.web.servlet.TestDispatcherServlet -- PUT "/zombies/1", parameters={}
16:10:33.876 [main] DEBUG org.springframework.web.servlet.mvc.method.annotation.RequestMappingHandlerMapping -- Mapped to com.oxyl.epf.controller.ZombieController#updateZombie(int, ZombieDto)
16:10:33.877 [main] DEBUG org.springframework.web.servlet.mvc.method.annotation.RequestResponseBodyMethodProcessor -- Read "application/json" to [com.oxyl.epf.dto.ZombieDto@3915e7c3]
16:10:33.877 [main] DEBUG org.springframework.web.servlet.mvc.method.annotation.HttpEntityMethodProcessor -- Using 'application/json', given [*/*] and supported [application/json, application/*+json]
16:10:33.877 [main] DEBUG org.springframework.web.servlet.mvc.method.annotation.HttpEntityMethodProcessor -- Nothing to write: null body
16:10:33.878 [main] DEBUG org.springframework.test.web.servlet.TestDispatcherServlet -- Completed 200 OK
]]></system-out>
  </testcase>
  <testcase name="testDeleteZombie" classname="com.oxyl.epf.controller.ZombieControllerTest" time="0.004">
    <system-out><![CDATA[16:10:33.880 [main] DEBUG _org.springframework.web.servlet.HandlerMapping.Mappings -- 
	c.o.e.c.ZombieController:
	{GET [/zombies/{id}]}: getZombieById(int)
	{GET [/zombies/map/{mapId}]}: getZombiesByMapId(int)
	{GET [/zombies]}: getAllZombies()
	{POST [/zombies]}: createZombie(ZombieDto)
	{PUT [/zombies/{id}]}: updateZombie(int,ZombieDto)
	{DELETE [/zombies/{id}]}: deleteZombie(int)
16:10:33.880 [main] DEBUG org.springframework.web.servlet.mvc.method.annotation.RequestMappingHandlerMapping -- 6 mappings in org.springframework.web.servlet.mvc.method.annotation.RequestMappingHandlerMapping
16:10:33.881 [main] DEBUG org.springframework.web.servlet.mvc.method.annotation.RequestMappingHandlerAdapter -- ControllerAdvice beans: 0 @ModelAttribute, 0 @InitBinder, 1 RequestBodyAdvice, 1 ResponseBodyAdvice
16:10:33.881 [main] DEBUG org.springframework.web.servlet.mvc.method.annotation.ExceptionHandlerExceptionResolver -- ControllerAdvice beans: 0 @ExceptionHandler, 1 ResponseBodyAdvice
16:10:33.881 [main] INFO org.springframework.mock.web.MockServletContext -- Initializing Spring TestDispatcherServlet ''
16:10:33.881 [main] INFO org.springframework.test.web.servlet.TestDispatcherServlet -- Initializing Servlet ''
16:10:33.881 [main] DEBUG org.springframework.test.web.servlet.TestDispatcherServlet -- Detected AcceptHeaderLocaleResolver
16:10:33.881 [main] DEBUG org.springframework.test.web.servlet.TestDispatcherServlet -- Detected FixedThemeResolver
16:10:33.881 [main] DEBUG org.springframework.test.web.servlet.TestDispatcherServlet -- Detected org.springframework.web.servlet.view.DefaultRequestToViewNameTranslator@6f315b08
16:10:33.881 [main] DEBUG org.springframework.test.web.servlet.TestDispatcherServlet -- Detected org.springframework.web.servlet.support.SessionFlashMapManager@6c8efde4
16:10:33.881 [main] DEBUG org.springframework.test.web.servlet.TestDispatcherServlet -- enableLoggingRequestDetails='false': request parameters and headers will be masked to prevent unsafe logging of potentially sensitive data
16:10:33.881 [main] INFO org.springframework.test.web.servlet.TestDispatcherServlet -- Completed initialization in 0 ms
16:10:33.881 [main] DEBUG org.springframework.test.web.servlet.TestDispatcherServlet -- DELETE "/zombies/1", parameters={}
16:10:33.881 [main] DEBUG org.springframework.web.servlet.mvc.method.annotation.RequestMappingHandlerMapping -- Mapped to com.oxyl.epf.controller.ZombieController#deleteZombie(int)
16:10:33.882 [main] DEBUG org.springframework.web.servlet.mvc.method.annotation.HttpEntityMethodProcessor -- Using 'application/json', given [*/*] and supported [application/json, application/*+json]
16:10:33.882 [main] DEBUG org.springframework.web.servlet.mvc.method.annotation.HttpEntityMethodProcessor -- Nothing to write: null body
16:10:33.882 [main] DEBUG org.springframework.test.web.servlet.TestDispatcherServlet -- Completed 200 OK
]]></system-out>
  </testcase>
  <testcase name="testGetZombieById" classname="com.oxyl.epf.controller.ZombieControllerTest" time="0.005">
    <system-out><![CDATA[16:10:33.884 [main] DEBUG _org.springframework.web.servlet.HandlerMapping.Mappings -- 
	c.o.e.c.ZombieController:
	{GET [/zombies/{id}]}: getZombieById(int)
	{GET [/zombies/map/{mapId}]}: getZombiesByMapId(int)
	{GET [/zombies]}: getAllZombies()
	{POST [/zombies]}: createZombie(ZombieDto)
	{PUT [/zombies/{id}]}: updateZombie(int,ZombieDto)
	{DELETE [/zombies/{id}]}: deleteZombie(int)
16:10:33.885 [main] DEBUG org.springframework.web.servlet.mvc.method.annotation.RequestMappingHandlerMapping -- 6 mappings in org.springframework.web.servlet.mvc.method.annotation.RequestMappingHandlerMapping
16:10:33.885 [main] DEBUG org.springframework.web.servlet.mvc.method.annotation.RequestMappingHandlerAdapter -- ControllerAdvice beans: 0 @ModelAttribute, 0 @InitBinder, 1 RequestBodyAdvice, 1 ResponseBodyAdvice
16:10:33.885 [main] DEBUG org.springframework.web.servlet.mvc.method.annotation.ExceptionHandlerExceptionResolver -- ControllerAdvice beans: 0 @ExceptionHandler, 1 ResponseBodyAdvice
16:10:33.885 [main] INFO org.springframework.mock.web.MockServletContext -- Initializing Spring TestDispatcherServlet ''
16:10:33.885 [main] INFO org.springframework.test.web.servlet.TestDispatcherServlet -- Initializing Servlet ''
16:10:33.885 [main] DEBUG org.springframework.test.web.servlet.TestDispatcherServlet -- Detected AcceptHeaderLocaleResolver
16:10:33.885 [main] DEBUG org.springframework.test.web.servlet.TestDispatcherServlet -- Detected FixedThemeResolver
16:10:33.885 [main] DEBUG org.springframework.test.web.servlet.TestDispatcherServlet -- Detected org.springframework.web.servlet.view.DefaultRequestToViewNameTranslator@2b441e56
16:10:33.885 [main] DEBUG org.springframework.test.web.servlet.TestDispatcherServlet -- Detected org.springframework.web.servlet.support.SessionFlashMapManager@267891bf
16:10:33.885 [main] DEBUG org.springframework.test.web.servlet.TestDispatcherServlet -- enableLoggingRequestDetails='false': request parameters and headers will be masked to prevent unsafe logging of potentially sensitive data
16:10:33.885 [main] INFO org.springframework.test.web.servlet.TestDispatcherServlet -- Completed initialization in 0 ms
16:10:33.886 [main] DEBUG org.springframework.test.web.servlet.TestDispatcherServlet -- GET "/zombies/1", parameters={}
16:10:33.886 [main] DEBUG org.springframework.web.servlet.mvc.method.annotation.RequestMappingHandlerMapping -- Mapped to com.oxyl.epf.controller.ZombieController#getZombieById(int)
16:10:33.887 [main] DEBUG org.springframework.web.servlet.mvc.method.annotation.HttpEntityMethodProcessor -- Using 'application/json', given [*/*] and supported [application/json, application/*+json]
16:10:33.887 [main] DEBUG org.springframework.web.servlet.mvc.method.annotation.HttpEntityMethodProcessor -- Writing [com.oxyl.epf.dto.ZombieDto@78b0ec3a]
16:10:33.887 [main] DEBUG org.springframework.test.web.servlet.TestDispatcherServlet -- Completed 200 OK
16:10:33.887 [main] DEBUG com.jayway.jsonpath.internal.path.CompiledPath -- Evaluating path: $['nom']
16:10:33.887 [main] DEBUG com.jayway.jsonpath.internal.path.CompiledPath -- Evaluating path: $['idZombie']
]]></system-out>
  </testcase>
</testsuite>