<?xml version="1.0" encoding="UTF-8"?>
<testsuite xmlns:xsi="http://www.w3.org/2001/XMLSchema-instance" xsi:noNamespaceSchemaLocation="https://maven.apache.org/surefire/maven-surefire-plugin/xsd/surefire-test-report-3.0.xsd" version="3.0" name="com.oxyl.epf.dao.impl.ZombieDaoImplTest" time="2.07" tests="6" errors="0" skipped="0" failures="0">
  <properties>
[...]
</properties>
  <testcase name="testFindAll" classname="com.oxyl.epf.dao.impl.ZombieDaoImplTest" time="0.944">
    <system-out><![CDATA[15:55:36.548 [main] DEBUG org.springframework.test.context.support.DefaultTestContextBootstrapper -- Using ContextCustomizerFactory implementations for test class [ZombieDaoImplTest]: [BeanOverrideContextCustomizerFactory, MockServerContainerContextCustomizerFactory, DynamicPropertiesContextCustomizerFactory]
15:55:36.559 [main] DEBUG org.springframework.test.context.support.DefaultTestContextBootstrapper -- Using ContextCustomizers for test class [ZombieDaoImplTest]: [DynamicPropertiesContextCustomizer]
15:55:36.572 [main] DEBUG org.springframework.test.context.util.TestContextSpringFactoriesUtils -- Skipping candidate TestExecutionListener [org.springframework.test.context.observation.MicrometerObservationRegistryTestExecutionListener] due to a missing dependency. Specify custom TestExecutionListener classes or make the default TestExecutionListener classes and their required dependencies available. Offending class: io.micrometer.context.ThreadLocalAccessor. MicrometerObservationRegistryTestExecutionListener requires io.micrometer:micrometer-observation:1.10.8 or higher and io.micrometer:context-propagation:1.0.3 or higher.
15:55:36.581 [main] DEBUG org.springframework.test.context.support.DefaultTestContextBootstrapper -- Using TestExecutionListeners for test class [ZombieDaoImplTest]: [ServletTestExecutionListener, DirtiesContextBeforeModesTestExecutionListener, ApplicationEventsTestExecutionListener, BeanOverrideTestExecutionListener, DependencyInjectionTestExecutionListener, DirtiesContextTestExecutionListener, CommonCachesTestExecutionListener, TransactionalTestExecutionListener, SqlScriptsTestExecutionListener, EventPublishingTestExecutionListener, MockitoResetTestExecutionListener]
15:55:36.583 [main] DEBUG org.springframework.test.context.support.DirtiesContextBeforeModesTestExecutionListener -- Before test class: class [ZombieDaoImplTest], class annotated with @DirtiesContext [false] with mode [null]
15:55:36.595 [main] DEBUG org.springframework.test.context.support.DependencyInjectionTestExecutionListener -- Performing dependency injection for test class com.oxyl.epf.dao.impl.ZombieDaoImplTest
15:55:36.595 [main] DEBUG org.springframework.test.context.support.AbstractGenericContextLoader -- Loading ApplicationContext for test class com.oxyl.epf.dao.impl.ZombieDaoImplTest
15:55:36.633 [main] DEBUG org.springframework.core.env.StandardEnvironment -- Activating profiles [test]
15:55:36.633 [main] DEBUG org.springframework.test.context.support.AnnotationConfigContextLoader -- Registering component classes: [com.oxyl.epf.config.TestDataSourceConfig]
15:55:36.667 [main] DEBUG org.springframework.context.support.GenericApplicationContext -- Refreshing org.springframework.context.support.GenericApplicationContext@6692b6c6
15:55:36.677 [main] DEBUG org.springframework.beans.factory.support.DefaultListableBeanFactory -- Creating shared instance of singleton bean 'org.springframework.context.annotation.internalConfigurationAnnotationProcessor'
15:55:36.769 [main] DEBUG org.springframework.beans.factory.support.DefaultListableBeanFactory -- Creating shared instance of singleton bean 'org.springframework.context.event.internalEventListenerProcessor'
15:55:36.773 [main] DEBUG org.springframework.beans.factory.support.DefaultListableBeanFactory -- Creating shared instance of singleton bean 'org.springframework.context.event.internalEventListenerFactory'
15:55:36.774 [main] DEBUG org.springframework.beans.factory.support.DefaultListableBeanFactory -- Creating shared instance of singleton bean 'org.springframework.context.annotation.internalAutowiredAnnotationProcessor'
15:55:36.778 [main] DEBUG org.springframework.beans.factory.support.DefaultListableBeanFactory -- Creating shared instance of singleton bean 'org.springframework.test.context.support.internalDynamicPropertyRegistrarBeanInitializer'
15:55:36.781 [main] DEBUG org.springframework.beans.factory.support.DefaultListableBeanFactory -- Creating shared instance of singleton bean 'testDataSourceConfig'
15:55:36.783 [main] DEBUG org.springframework.beans.factory.support.DefaultListableBeanFactory -- Creating shared instance of singleton bean 'dataSource'
15:55:36.802 [main] INFO org.springframework.jdbc.datasource.embedded.EmbeddedDatabaseFactory -- Starting embedded database: url='jdbc:h2:mem:testdb;DB_CLOSE_DELAY=-1;DB_CLOSE_ON_EXIT=false', username='sa'
15:55:36.805 [main] DEBUG org.springframework.jdbc.datasource.DataSourceUtils -- Fetching JDBC Connection from DataSource
15:55:36.806 [main] DEBUG org.springframework.jdbc.datasource.SimpleDriverDataSource -- Creating new JDBC Driver Connection to [jdbc:h2:mem:testdb;DB_CLOSE_DELAY=-1;DB_CLOSE_ON_EXIT=false]
15:55:37.154 [main] DEBUG org.springframework.jdbc.datasource.init.ScriptUtils -- Executing SQL script from class path resource [schema-h2.sql]
15:55:37.165 [main] DEBUG org.springframework.jdbc.datasource.init.ScriptUtils -- 0 returned as update count for SQL: DROP TABLE IF EXISTS Zombie
15:55:37.166 [main] DEBUG org.springframework.jdbc.datasource.init.ScriptUtils -- 0 returned as update count for SQL: DROP TABLE IF EXISTS Plante
15:55:37.166 [main] DEBUG org.springframework.jdbc.datasource.init.ScriptUtils -- 0 returned as update count for SQL: DROP TABLE IF EXISTS Map
15:55:37.180 [main] DEBUG org.springframework.jdbc.datasource.init.ScriptUtils -- 0 returned as update count for SQL: CREATE TABLE Map ( id_map INT AUTO_INCREMENT PRIMARY KEY, ligne INT NOT NULL CHECK (ligne >= 0), colonne INT NOT NULL CHECK (colonne >= 0), chemin_image VARCHAR(255) DEFAULT NULL )
15:55:37.183 [main] DEBUG org.springframework.jdbc.datasource.init.ScriptUtils -- 0 returned as update count for SQL: CREATE TABLE Plante ( id_plante INT AUTO_INCREMENT PRIMARY KEY, nom VARCHAR(255) NOT NULL, point_de_vie INT NOT NULL CHECK (point_de_vie >= 0), attaque_par_seconde DECIMAL(5, 2) DEFAULT 0.00, degat_attaque INT DEFAULT 0 CHECK (degat_attaque >= 0), cout INT NOT NULL CHECK (cout >= 0), soleil_par_seconde DECIMAL(5, 2) DEFAULT 0.00, effet VARCHAR(20) DEFAULT 'normal', chemin_image VARCHAR(255) DEFAULT NULL )
15:55:37.194 [main] DEBUG org.springframework.jdbc.datasource.init.ScriptUtils -- 0 returned as update count for SQL: CREATE TABLE Zombie ( id_zombie INT AUTO_INCREMENT PRIMARY KEY, nom VARCHAR(255) NOT NULL, point_de_vie INT NOT NULL CHECK (point_de_vie >= 0), attaque_par_seconde DECIMAL(5, 2) DEFAULT 0.00, degat_attaque INT NOT NULL CHECK (degat_attaque >= 0), vitesse_de_deplacement DECIMAL(5, 2) DEFAULT 0.00, chemin_image VARCHAR(255) DEFAULT NULL, id_map INT, FOREIGN KEY (id_map) REFERENCES Map(id_map) )
15:55:37.196 [main] DEBUG org.springframework.jdbc.datasource.init.ScriptUtils -- 1 returned as update count for SQL: INSERT INTO Map (ligne, colonne, chemin_image) VALUES (5, 8, 'test_map.png')
15:55:37.197 [main] DEBUG org.springframework.jdbc.datasource.init.ScriptUtils -- 1 returned as update count for SQL: INSERT INTO Plante (nom, point_de_vie, attaque_par_seconde, degat_attaque, cout, soleil_par_seconde, effet, chemin_image) VALUES ('Test Plant', 50, 0.5, 5, 100, 1.0, 'normal', 'test_plant.png')
15:55:37.198 [main] DEBUG org.springframework.jdbc.datasource.init.ScriptUtils -- 1 returned as update count for SQL: INSERT INTO Zombie (nom, point_de_vie, attaque_par_seconde, degat_attaque, vitesse_de_deplacement, chemin_image, id_map) VALUES ('Test Zombie', 100, 1.0, 10, 0.5, 'test_zombie.png', 1)
15:55:37.199 [main] DEBUG org.springframework.jdbc.datasource.init.ScriptUtils -- Executed SQL script from class path resource [schema-h2.sql] in 44 ms.
15:55:37.201 [main] DEBUG org.springframework.beans.factory.support.DefaultListableBeanFactory -- Creating shared instance of singleton bean 'jdbcTemplate'
15:55:37.205 [main] DEBUG org.springframework.beans.factory.support.DefaultListableBeanFactory -- Autowiring by type from bean name 'jdbcTemplate' via factory method to bean named 'dataSource'
15:55:37.215 [main] DEBUG org.springframework.beans.factory.support.DefaultListableBeanFactory -- Creating shared instance of singleton bean 'mapDao'
15:55:37.216 [main] DEBUG org.springframework.beans.factory.support.DefaultListableBeanFactory -- Autowiring by type from bean name 'mapDao' via factory method to bean named 'jdbcTemplate'
15:55:37.217 [main] DEBUG org.springframework.beans.factory.support.DefaultListableBeanFactory -- Creating shared instance of singleton bean 'zombieDao'
15:55:37.217 [main] DEBUG org.springframework.beans.factory.support.DefaultListableBeanFactory -- Autowiring by type from bean name 'zombieDao' via factory method to bean named 'jdbcTemplate'
15:55:37.218 [main] DEBUG org.springframework.beans.factory.support.DefaultListableBeanFactory -- Creating shared instance of singleton bean 'planteDao'
15:55:37.218 [main] DEBUG org.springframework.beans.factory.support.DefaultListableBeanFactory -- Autowiring by type from bean name 'planteDao' via factory method to bean named 'jdbcTemplate'
15:55:37.228 [main] DEBUG org.springframework.test.context.cache -- Spring test ApplicationContext cache statistics: [DefaultContextCache@240139e1 size = 1, maxSize = 32, parentContextCount = 0, hitCount = 0, missCount = 1, failureCount = 0]
15:55:37.232 [main] DEBUG org.springframework.test.context.cache -- Spring test ApplicationContext cache statistics: [DefaultContextCache@240139e1 size = 1, maxSize = 32, parentContextCount = 0, hitCount = 1, missCount = 1, failureCount = 0]
15:55:37.238 [main] DEBUG org.springframework.test.context.support.DirtiesContextBeforeModesTestExecutionListener -- Before test method: class [ZombieDaoImplTest], method [testFindAll], class annotated with @DirtiesContext [false] with mode [null], method annotated with @DirtiesContext [false] with mode [null]
15:55:37.241 [main] DEBUG org.springframework.test.context.cache -- Spring test ApplicationContext cache statistics: [DefaultContextCache@240139e1 size = 1, maxSize = 32, parentContextCount = 0, hitCount = 2, missCount = 1, failureCount = 0]
15:55:38.123 [main] DEBUG org.springframework.test.context.cache -- Spring test ApplicationContext cache statistics: [DefaultContextCache@240139e1 size = 1, maxSize = 32, parentContextCount = 0, hitCount = 3, missCount = 1, failureCount = 0]
15:55:38.135 [main] DEBUG org.springframework.jdbc.core.JdbcTemplate -- Executing SQL update [DELETE FROM Zombie]
15:55:38.136 [main] DEBUG org.springframework.jdbc.datasource.DataSourceUtils -- Fetching JDBC Connection from DataSource
15:55:38.136 [main] DEBUG org.springframework.jdbc.datasource.SimpleDriverDataSource -- Creating new JDBC Driver Connection to [jdbc:h2:mem:testdb;DB_CLOSE_DELAY=-1;DB_CLOSE_ON_EXIT=false]
15:55:38.142 [main] DEBUG org.springframework.jdbc.core.JdbcTemplate -- Executing SQL update [DELETE FROM Map]
15:55:38.142 [main] DEBUG org.springframework.jdbc.datasource.DataSourceUtils -- Fetching JDBC Connection from DataSource
15:55:38.142 [main] DEBUG org.springframework.jdbc.datasource.SimpleDriverDataSource -- Creating new JDBC Driver Connection to [jdbc:h2:mem:testdb;DB_CLOSE_DELAY=-1;DB_CLOSE_ON_EXIT=false]
15:55:38.143 [main] DEBUG org.springframework.jdbc.core.JdbcTemplate -- Executing SQL update [INSERT INTO Map (id_map, ligne, colonne, chemin_image) VALUES (1, 5, 8, 'test_map.png')]
15:55:38.143 [main] DEBUG org.springframework.jdbc.datasource.DataSourceUtils -- Fetching JDBC Connection from DataSource
15:55:38.144 [main] DEBUG org.springframework.jdbc.datasource.SimpleDriverDataSource -- Creating new JDBC Driver Connection to [jdbc:h2:mem:testdb;DB_CLOSE_DELAY=-1;DB_CLOSE_ON_EXIT=false]
15:55:38.145 [main] DEBUG org.springframework.jdbc.core.JdbcTemplate -- Executing SQL update [INSERT INTO Zombie (id_zombie, nom, point_de_vie, attaque_par_seconde, degat_attaque, vitesse_de_deplacement, chemin_image, id_map) VALUES (1, 'Test Zombie', 100, 1.0, 10, 0.5, 'test_zombie.png', 1)]
15:55:38.145 [main] DEBUG org.springframework.jdbc.datasource.DataSourceUtils -- Fetching JDBC Connection from DataSource
15:55:38.145 [main] DEBUG org.springframework.jdbc.datasource.SimpleDriverDataSource -- Creating new JDBC Driver Connection to [jdbc:h2:mem:testdb;DB_CLOSE_DELAY=-1;DB_CLOSE_ON_EXIT=false]
15:55:38.148 [main] DEBUG org.springframework.test.context.cache -- Spring test ApplicationContext cache statistics: [DefaultContextCache@240139e1 size = 1, maxSize = 32, parentContextCount = 0, hitCount = 4, missCount = 1, failureCount = 0]
15:55:38.150 [main] DEBUG org.springframework.jdbc.core.JdbcTemplate -- Executing SQL query [SELECT * FROM Zombie]
15:55:38.151 [main] DEBUG org.springframework.jdbc.datasource.DataSourceUtils -- Fetching JDBC Connection from DataSource
15:55:38.151 [main] DEBUG org.springframework.jdbc.datasource.SimpleDriverDataSource -- Creating new JDBC Driver Connection to [jdbc:h2:mem:testdb;DB_CLOSE_DELAY=-1;DB_CLOSE_ON_EXIT=false]
15:55:38.166 [main] DEBUG org.springframework.test.context.cache -- Spring test ApplicationContext cache statistics: [DefaultContextCache@240139e1 size = 1, maxSize = 32, parentContextCount = 0, hitCount = 5, missCount = 1, failureCount = 0]
15:55:38.167 [main] DEBUG org.springframework.test.context.cache -- Spring test ApplicationContext cache statistics: [DefaultContextCache@240139e1 size = 1, maxSize = 32, parentContextCount = 0, hitCount = 6, missCount = 1, failureCount = 0]
15:55:38.168 [main] DEBUG org.springframework.test.context.cache -- Spring test ApplicationContext cache statistics: [DefaultContextCache@240139e1 size = 1, maxSize = 32, parentContextCount = 0, hitCount = 7, missCount = 1, failureCount = 0]
15:55:38.170 [main] DEBUG org.springframework.test.context.support.DirtiesContextTestExecutionListener -- After test method: class [ZombieDaoImplTest], method [testFindAll], class annotated with @DirtiesContext [false] with mode [null], method annotated with @DirtiesContext [false] with mode [null]
]]></system-out>
    <system-err><![CDATA[WARNING: A Java agent has been loaded dynamically (/Users/antonindudragne/.m2/repository/net/bytebuddy/byte-buddy-agent/1.14.11/byte-buddy-agent-1.14.11.jar)
WARNING: If a serviceability tool is in use, please run with -XX:+EnableDynamicAgentLoading to hide this warning
WARNING: If a serviceability tool is not in use, please run with -Djdk.instrument.traceUsage for more information
WARNING: Dynamic loading of agents will be disallowed by default in a future release
]]></system-err>
  </testcase>
  <testcase name="testSave" classname="com.oxyl.epf.dao.impl.ZombieDaoImplTest" time="0.111">
    <system-out><![CDATA[15:55:38.179 [main] DEBUG org.springframework.test.context.support.DependencyInjectionTestExecutionListener -- Performing dependency injection for test class com.oxyl.epf.dao.impl.ZombieDaoImplTest
15:55:38.179 [main] DEBUG org.springframework.test.context.cache -- Spring test ApplicationContext cache statistics: [DefaultContextCache@240139e1 size = 1, maxSize = 32, parentContextCount = 0, hitCount = 8, missCount = 1, failureCount = 0]
15:55:38.180 [main] DEBUG org.springframework.test.context.cache -- Spring test ApplicationContext cache statistics: [DefaultContextCache@240139e1 size = 1, maxSize = 32, parentContextCount = 0, hitCount = 9, missCount = 1, failureCount = 0]
15:55:38.181 [main] DEBUG org.springframework.test.context.support.DirtiesContextBeforeModesTestExecutionListener -- Before test method: class [ZombieDaoImplTest], method [testSave], class annotated with @DirtiesContext [false] with mode [null], method annotated with @DirtiesContext [false] with mode [null]
15:55:38.181 [main] DEBUG org.springframework.test.context.cache -- Spring test ApplicationContext cache statistics: [DefaultContextCache@240139e1 size = 1, maxSize = 32, parentContextCount = 0, hitCount = 10, missCount = 1, failureCount = 0]
15:55:38.181 [main] DEBUG org.springframework.test.context.cache -- Spring test ApplicationContext cache statistics: [DefaultContextCache@240139e1 size = 1, maxSize = 32, parentContextCount = 0, hitCount = 11, missCount = 1, failureCount = 0]
15:55:38.182 [main] DEBUG org.springframework.jdbc.core.JdbcTemplate -- Executing SQL update [DELETE FROM Zombie]
15:55:38.182 [main] DEBUG org.springframework.jdbc.datasource.DataSourceUtils -- Fetching JDBC Connection from DataSource
15:55:38.182 [main] DEBUG org.springframework.jdbc.datasource.SimpleDriverDataSource -- Creating new JDBC Driver Connection to [jdbc:h2:mem:testdb;DB_CLOSE_DELAY=-1;DB_CLOSE_ON_EXIT=false]
15:55:38.183 [main] DEBUG org.springframework.jdbc.core.JdbcTemplate -- Executing SQL update [DELETE FROM Map]
15:55:38.183 [main] DEBUG org.springframework.jdbc.datasource.DataSourceUtils -- Fetching JDBC Connection from DataSource
15:55:38.183 [main] DEBUG org.springframework.jdbc.datasource.SimpleDriverDataSource -- Creating new JDBC Driver Connection to [jdbc:h2:mem:testdb;DB_CLOSE_DELAY=-1;DB_CLOSE_ON_EXIT=false]
15:55:38.186 [main] DEBUG org.springframework.jdbc.core.JdbcTemplate -- Executing SQL update [INSERT INTO Map (id_map, ligne, colonne, chemin_image) VALUES (1, 5, 8, 'test_map.png')]
15:55:38.187 [main] DEBUG org.springframework.jdbc.datasource.DataSourceUtils -- Fetching JDBC Connection from DataSource
15:55:38.187 [main] DEBUG org.springframework.jdbc.datasource.SimpleDriverDataSource -- Creating new JDBC Driver Connection to [jdbc:h2:mem:testdb;DB_CLOSE_DELAY=-1;DB_CLOSE_ON_EXIT=false]
15:55:38.189 [main] DEBUG org.springframework.jdbc.core.JdbcTemplate -- Executing SQL update [INSERT INTO Zombie (id_zombie, nom, point_de_vie, attaque_par_seconde, degat_attaque, vitesse_de_deplacement, chemin_image, id_map) VALUES (1, 'Test Zombie', 100, 1.0, 10, 0.5, 'test_zombie.png', 1)]
15:55:38.189 [main] DEBUG org.springframework.jdbc.datasource.DataSourceUtils -- Fetching JDBC Connection from DataSource
15:55:38.189 [main] DEBUG org.springframework.jdbc.datasource.SimpleDriverDataSource -- Creating new JDBC Driver Connection to [jdbc:h2:mem:testdb;DB_CLOSE_DELAY=-1;DB_CLOSE_ON_EXIT=false]
15:55:38.190 [main] DEBUG org.springframework.test.context.cache -- Spring test ApplicationContext cache statistics: [DefaultContextCache@240139e1 size = 1, maxSize = 32, parentContextCount = 0, hitCount = 12, missCount = 1, failureCount = 0]
15:55:38.237 [main] DEBUG org.springframework.jdbc.core.JdbcTemplate -- Executing prepared SQL query
15:55:38.238 [main] DEBUG org.springframework.jdbc.core.JdbcTemplate -- Executing prepared SQL statement [SELECT COUNT(*) FROM Map WHERE id_map = ?]
15:55:38.238 [main] DEBUG org.springframework.jdbc.datasource.DataSourceUtils -- Fetching JDBC Connection from DataSource
15:55:38.239 [main] DEBUG org.springframework.jdbc.datasource.SimpleDriverDataSource -- Creating new JDBC Driver Connection to [jdbc:h2:mem:testdb;DB_CLOSE_DELAY=-1;DB_CLOSE_ON_EXIT=false]
15:55:38.267 [main] DEBUG org.springframework.jdbc.core.JdbcTemplate -- Executing prepared SQL update
15:55:38.268 [main] DEBUG org.springframework.jdbc.core.JdbcTemplate -- Executing prepared SQL statement [INSERT INTO Zombie (nom, point_de_vie, attaque_par_seconde, degat_attaque, vitesse_de_deplacement, chemin_image, id_map) VALUES (?, ?, ?, ?, ?, ?, ?)]
15:55:38.268 [main] DEBUG org.springframework.jdbc.datasource.DataSourceUtils -- Fetching JDBC Connection from DataSource
15:55:38.268 [main] DEBUG org.springframework.jdbc.datasource.SimpleDriverDataSource -- Creating new JDBC Driver Connection to [jdbc:h2:mem:testdb;DB_CLOSE_DELAY=-1;DB_CLOSE_ON_EXIT=false]
15:55:38.271 [main] DEBUG org.springframework.jdbc.core.JdbcTemplate -- Executing SQL query [SELECT * FROM Zombie]
15:55:38.271 [main] DEBUG org.springframework.jdbc.datasource.DataSourceUtils -- Fetching JDBC Connection from DataSource
15:55:38.272 [main] DEBUG org.springframework.jdbc.datasource.SimpleDriverDataSource -- Creating new JDBC Driver Connection to [jdbc:h2:mem:testdb;DB_CLOSE_DELAY=-1;DB_CLOSE_ON_EXIT=false]
Zombies content:
ID: 1, Name: Test Zombie, HP: 100, Map ID: 1
ID: 2, Name: New Zombie, HP: 150, Map ID: 1
Raw database content:
15:55:38.279 [main] DEBUG org.springframework.jdbc.core.JdbcTemplate -- Executing SQL query [SELECT * FROM Zombie]
15:55:38.279 [main] DEBUG org.springframework.jdbc.datasource.DataSourceUtils -- Fetching JDBC Connection from DataSource
15:55:38.279 [main] DEBUG org.springframework.jdbc.datasource.SimpleDriverDataSource -- Creating new JDBC Driver Connection to [jdbc:h2:mem:testdb;DB_CLOSE_DELAY=-1;DB_CLOSE_ON_EXIT=false]
{ID_ZOMBIE=1, NOM=Test Zombie, POINT_DE_VIE=100, ATTAQUE_PAR_SECONDE=1.00, DEGAT_ATTAQUE=10, VITESSE_DE_DEPLACEMENT=0.50, CHEMIN_IMAGE=test_zombie.png, ID_MAP=1}
{ID_ZOMBIE=2, NOM=New Zombie, POINT_DE_VIE=150, ATTAQUE_PAR_SECONDE=0.70, DEGAT_ATTAQUE=15, VITESSE_DE_DEPLACEMENT=0.80, CHEMIN_IMAGE=new_zombie.png, ID_MAP=1}
15:55:38.288 [main] DEBUG org.springframework.test.context.cache -- Spring test ApplicationContext cache statistics: [DefaultContextCache@240139e1 size = 1, maxSize = 32, parentContextCount = 0, hitCount = 13, missCount = 1, failureCount = 0]
15:55:38.289 [main] DEBUG org.springframework.test.context.cache -- Spring test ApplicationContext cache statistics: [DefaultContextCache@240139e1 size = 1, maxSize = 32, parentContextCount = 0, hitCount = 14, missCount = 1, failureCount = 0]
15:55:38.289 [main] DEBUG org.springframework.test.context.cache -- Spring test ApplicationContext cache statistics: [DefaultContextCache@240139e1 size = 1, maxSize = 32, parentContextCount = 0, hitCount = 15, missCount = 1, failureCount = 0]
15:55:38.290 [main] DEBUG org.springframework.test.context.support.DirtiesContextTestExecutionListener -- After test method: class [ZombieDaoImplTest], method [testSave], class annotated with @DirtiesContext [false] with mode [null], method annotated with @DirtiesContext [false] with mode [null]
]]></system-out>
  </testcase>
  <testcase name="testFindById" classname="com.oxyl.epf.dao.impl.ZombieDaoImplTest" time="0.013">
    <system-out><![CDATA[15:55:38.292 [main] DEBUG org.springframework.test.context.support.DependencyInjectionTestExecutionListener -- Performing dependency injection for test class com.oxyl.epf.dao.impl.ZombieDaoImplTest
15:55:38.292 [main] DEBUG org.springframework.test.context.cache -- Spring test ApplicationContext cache statistics: [DefaultContextCache@240139e1 size = 1, maxSize = 32, parentContextCount = 0, hitCount = 16, missCount = 1, failureCount = 0]
15:55:38.292 [main] DEBUG org.springframework.test.context.cache -- Spring test ApplicationContext cache statistics: [DefaultContextCache@240139e1 size = 1, maxSize = 32, parentContextCount = 0, hitCount = 17, missCount = 1, failureCount = 0]
15:55:38.294 [main] DEBUG org.springframework.test.context.support.DirtiesContextBeforeModesTestExecutionListener -- Before test method: class [ZombieDaoImplTest], method [testFindById], class annotated with @DirtiesContext [false] with mode [null], method annotated with @DirtiesContext [false] with mode [null]
15:55:38.294 [main] DEBUG org.springframework.test.context.cache -- Spring test ApplicationContext cache statistics: [DefaultContextCache@240139e1 size = 1, maxSize = 32, parentContextCount = 0, hitCount = 18, missCount = 1, failureCount = 0]
15:55:38.294 [main] DEBUG org.springframework.test.context.cache -- Spring test ApplicationContext cache statistics: [DefaultContextCache@240139e1 size = 1, maxSize = 32, parentContextCount = 0, hitCount = 19, missCount = 1, failureCount = 0]
15:55:38.295 [main] DEBUG org.springframework.jdbc.core.JdbcTemplate -- Executing SQL update [DELETE FROM Zombie]
15:55:38.295 [main] DEBUG org.springframework.jdbc.datasource.DataSourceUtils -- Fetching JDBC Connection from DataSource
15:55:38.295 [main] DEBUG org.springframework.jdbc.datasource.SimpleDriverDataSource -- Creating new JDBC Driver Connection to [jdbc:h2:mem:testdb;DB_CLOSE_DELAY=-1;DB_CLOSE_ON_EXIT=false]
15:55:38.297 [main] DEBUG org.springframework.jdbc.core.JdbcTemplate -- Executing SQL update [DELETE FROM Map]
15:55:38.297 [main] DEBUG org.springframework.jdbc.datasource.DataSourceUtils -- Fetching JDBC Connection from DataSource
15:55:38.297 [main] DEBUG org.springframework.jdbc.datasource.SimpleDriverDataSource -- Creating new JDBC Driver Connection to [jdbc:h2:mem:testdb;DB_CLOSE_DELAY=-1;DB_CLOSE_ON_EXIT=false]
15:55:38.298 [main] DEBUG org.springframework.jdbc.core.JdbcTemplate -- Executing SQL update [INSERT INTO Map (id_map, ligne, colonne, chemin_image) VALUES (1, 5, 8, 'test_map.png')]
15:55:38.299 [main] DEBUG org.springframework.jdbc.datasource.DataSourceUtils -- Fetching JDBC Connection from DataSource
15:55:38.299 [main] DEBUG org.springframework.jdbc.datasource.SimpleDriverDataSource -- Creating new JDBC Driver Connection to [jdbc:h2:mem:testdb;DB_CLOSE_DELAY=-1;DB_CLOSE_ON_EXIT=false]
15:55:38.300 [main] DEBUG org.springframework.jdbc.core.JdbcTemplate -- Executing SQL update [INSERT INTO Zombie (id_zombie, nom, point_de_vie, attaque_par_seconde, degat_attaque, vitesse_de_deplacement, chemin_image, id_map) VALUES (1, 'Test Zombie', 100, 1.0, 10, 0.5, 'test_zombie.png', 1)]
15:55:38.300 [main] DEBUG org.springframework.jdbc.datasource.DataSourceUtils -- Fetching JDBC Connection from DataSource
15:55:38.300 [main] DEBUG org.springframework.jdbc.datasource.SimpleDriverDataSource -- Creating new JDBC Driver Connection to [jdbc:h2:mem:testdb;DB_CLOSE_DELAY=-1;DB_CLOSE_ON_EXIT=false]
15:55:38.302 [main] DEBUG org.springframework.test.context.cache -- Spring test ApplicationContext cache statistics: [DefaultContextCache@240139e1 size = 1, maxSize = 32, parentContextCount = 0, hitCount = 20, missCount = 1, failureCount = 0]
15:55:38.302 [main] DEBUG org.springframework.jdbc.core.JdbcTemplate -- Executing prepared SQL query
15:55:38.302 [main] DEBUG org.springframework.jdbc.core.JdbcTemplate -- Executing prepared SQL statement [SELECT * FROM Zombie WHERE id_zombie = ?]
15:55:38.302 [main] DEBUG org.springframework.jdbc.datasource.DataSourceUtils -- Fetching JDBC Connection from DataSource
15:55:38.303 [main] DEBUG org.springframework.jdbc.datasource.SimpleDriverDataSource -- Creating new JDBC Driver Connection to [jdbc:h2:mem:testdb;DB_CLOSE_DELAY=-1;DB_CLOSE_ON_EXIT=false]
15:55:38.304 [main] DEBUG org.springframework.test.context.cache -- Spring test ApplicationContext cache statistics: [DefaultContextCache@240139e1 size = 1, maxSize = 32, parentContextCount = 0, hitCount = 21, missCount = 1, failureCount = 0]
15:55:38.304 [main] DEBUG org.springframework.test.context.cache -- Spring test ApplicationContext cache statistics: [DefaultContextCache@240139e1 size = 1, maxSize = 32, parentContextCount = 0, hitCount = 22, missCount = 1, failureCount = 0]
15:55:38.305 [main] DEBUG org.springframework.test.context.cache -- Spring test ApplicationContext cache statistics: [DefaultContextCache@240139e1 size = 1, maxSize = 32, parentContextCount = 0, hitCount = 23, missCount = 1, failureCount = 0]
15:55:38.305 [main] DEBUG org.springframework.test.context.support.DirtiesContextTestExecutionListener -- After test method: class [ZombieDaoImplTest], method [testFindById], class annotated with @DirtiesContext [false] with mode [null], method annotated with @DirtiesContext [false] with mode [null]
]]></system-out>
  </testcase>
  <testcase name="testFindByMapId" classname="com.oxyl.epf.dao.impl.ZombieDaoImplTest" time="0.015">
    <system-out><![CDATA[15:55:38.308 [main] DEBUG org.springframework.test.context.support.DependencyInjectionTestExecutionListener -- Performing dependency injection for test class com.oxyl.epf.dao.impl.ZombieDaoImplTest
15:55:38.308 [main] DEBUG org.springframework.test.context.cache -- Spring test ApplicationContext cache statistics: [DefaultContextCache@240139e1 size = 1, maxSize = 32, parentContextCount = 0, hitCount = 24, missCount = 1, failureCount = 0]
15:55:38.308 [main] DEBUG org.springframework.test.context.cache -- Spring test ApplicationContext cache statistics: [DefaultContextCache@240139e1 size = 1, maxSize = 32, parentContextCount = 0, hitCount = 25, missCount = 1, failureCount = 0]
15:55:38.309 [main] DEBUG org.springframework.test.context.support.DirtiesContextBeforeModesTestExecutionListener -- Before test method: class [ZombieDaoImplTest], method [testFindByMapId], class annotated with @DirtiesContext [false] with mode [null], method annotated with @DirtiesContext [false] with mode [null]
15:55:38.310 [main] DEBUG org.springframework.test.context.cache -- Spring test ApplicationContext cache statistics: [DefaultContextCache@240139e1 size = 1, maxSize = 32, parentContextCount = 0, hitCount = 26, missCount = 1, failureCount = 0]
15:55:38.311 [main] DEBUG org.springframework.test.context.cache -- Spring test ApplicationContext cache statistics: [DefaultContextCache@240139e1 size = 1, maxSize = 32, parentContextCount = 0, hitCount = 27, missCount = 1, failureCount = 0]
15:55:38.311 [main] DEBUG org.springframework.jdbc.core.JdbcTemplate -- Executing SQL update [DELETE FROM Zombie]
15:55:38.312 [main] DEBUG org.springframework.jdbc.datasource.DataSourceUtils -- Fetching JDBC Connection from DataSource
15:55:38.312 [main] DEBUG org.springframework.jdbc.datasource.SimpleDriverDataSource -- Creating new JDBC Driver Connection to [jdbc:h2:mem:testdb;DB_CLOSE_DELAY=-1;DB_CLOSE_ON_EXIT=false]
15:55:38.313 [main] DEBUG org.springframework.jdbc.core.JdbcTemplate -- Executing SQL update [DELETE FROM Map]
15:55:38.313 [main] DEBUG org.springframework.jdbc.datasource.DataSourceUtils -- Fetching JDBC Connection from DataSource
15:55:38.313 [main] DEBUG org.springframework.jdbc.datasource.SimpleDriverDataSource -- Creating new JDBC Driver Connection to [jdbc:h2:mem:testdb;DB_CLOSE_DELAY=-1;DB_CLOSE_ON_EXIT=false]
15:55:38.315 [main] DEBUG org.springframework.jdbc.core.JdbcTemplate -- Executing SQL update [INSERT INTO Map (id_map, ligne, colonne, chemin_image) VALUES (1, 5, 8, 'test_map.png')]
15:55:38.315 [main] DEBUG org.springframework.jdbc.datasource.DataSourceUtils -- Fetching JDBC Connection from DataSource
15:55:38.315 [main] DEBUG org.springframework.jdbc.datasource.SimpleDriverDataSource -- Creating new JDBC Driver Connection to [jdbc:h2:mem:testdb;DB_CLOSE_DELAY=-1;DB_CLOSE_ON_EXIT=false]
15:55:38.316 [main] DEBUG org.springframework.jdbc.core.JdbcTemplate -- Executing SQL update [INSERT INTO Zombie (id_zombie, nom, point_de_vie, attaque_par_seconde, degat_attaque, vitesse_de_deplacement, chemin_image, id_map) VALUES (1, 'Test Zombie', 100, 1.0, 10, 0.5, 'test_zombie.png', 1)]
15:55:38.316 [main] DEBUG org.springframework.jdbc.datasource.DataSourceUtils -- Fetching JDBC Connection from DataSource
15:55:38.316 [main] DEBUG org.springframework.jdbc.datasource.SimpleDriverDataSource -- Creating new JDBC Driver Connection to [jdbc:h2:mem:testdb;DB_CLOSE_DELAY=-1;DB_CLOSE_ON_EXIT=false]
15:55:38.319 [main] DEBUG org.springframework.test.context.cache -- Spring test ApplicationContext cache statistics: [DefaultContextCache@240139e1 size = 1, maxSize = 32, parentContextCount = 0, hitCount = 28, missCount = 1, failureCount = 0]
15:55:38.319 [main] DEBUG org.springframework.jdbc.core.JdbcTemplate -- Executing prepared SQL query
15:55:38.319 [main] DEBUG org.springframework.jdbc.core.JdbcTemplate -- Executing prepared SQL statement [SELECT * FROM Zombie WHERE id_map = ?]
15:55:38.319 [main] DEBUG org.springframework.jdbc.datasource.DataSourceUtils -- Fetching JDBC Connection from DataSource
15:55:38.319 [main] DEBUG org.springframework.jdbc.datasource.SimpleDriverDataSource -- Creating new JDBC Driver Connection to [jdbc:h2:mem:testdb;DB_CLOSE_DELAY=-1;DB_CLOSE_ON_EXIT=false]
15:55:38.322 [main] DEBUG org.springframework.test.context.cache -- Spring test ApplicationContext cache statistics: [DefaultContextCache@240139e1 size = 1, maxSize = 32, parentContextCount = 0, hitCount = 29, missCount = 1, failureCount = 0]
15:55:38.322 [main] DEBUG org.springframework.test.context.cache -- Spring test ApplicationContext cache statistics: [DefaultContextCache@240139e1 size = 1, maxSize = 32, parentContextCount = 0, hitCount = 30, missCount = 1, failureCount = 0]
15:55:38.323 [main] DEBUG org.springframework.test.context.cache -- Spring test ApplicationContext cache statistics: [DefaultContextCache@240139e1 size = 1, maxSize = 32, parentContextCount = 0, hitCount = 31, missCount = 1, failureCount = 0]
15:55:38.324 [main] DEBUG org.springframework.test.context.support.DirtiesContextTestExecutionListener -- After test method: class [ZombieDaoImplTest], method [testFindByMapId], class annotated with @DirtiesContext [false] with mode [null], method annotated with @DirtiesContext [false] with mode [null]
]]></system-out>
  </testcase>
  <testcase name="testDeleteById" classname="com.oxyl.epf.dao.impl.ZombieDaoImplTest" time="0.027">
    <system-out><![CDATA[15:55:38.326 [main] DEBUG org.springframework.test.context.support.DependencyInjectionTestExecutionListener -- Performing dependency injection for test class com.oxyl.epf.dao.impl.ZombieDaoImplTest
15:55:38.327 [main] DEBUG org.springframework.test.context.cache -- Spring test ApplicationContext cache statistics: [DefaultContextCache@240139e1 size = 1, maxSize = 32, parentContextCount = 0, hitCount = 32, missCount = 1, failureCount = 0]
15:55:38.328 [main] DEBUG org.springframework.test.context.cache -- Spring test ApplicationContext cache statistics: [DefaultContextCache@240139e1 size = 1, maxSize = 32, parentContextCount = 0, hitCount = 33, missCount = 1, failureCount = 0]
15:55:38.330 [main] DEBUG org.springframework.test.context.support.DirtiesContextBeforeModesTestExecutionListener -- Before test method: class [ZombieDaoImplTest], method [testDeleteById], class annotated with @DirtiesContext [false] with mode [null], method annotated with @DirtiesContext [false] with mode [null]
15:55:38.330 [main] DEBUG org.springframework.test.context.cache -- Spring test ApplicationContext cache statistics: [DefaultContextCache@240139e1 size = 1, maxSize = 32, parentContextCount = 0, hitCount = 34, missCount = 1, failureCount = 0]
15:55:38.330 [main] DEBUG org.springframework.test.context.cache -- Spring test ApplicationContext cache statistics: [DefaultContextCache@240139e1 size = 1, maxSize = 32, parentContextCount = 0, hitCount = 35, missCount = 1, failureCount = 0]
15:55:38.331 [main] DEBUG org.springframework.jdbc.core.JdbcTemplate -- Executing SQL update [DELETE FROM Zombie]
15:55:38.332 [main] DEBUG org.springframework.jdbc.datasource.DataSourceUtils -- Fetching JDBC Connection from DataSource
15:55:38.332 [main] DEBUG org.springframework.jdbc.datasource.SimpleDriverDataSource -- Creating new JDBC Driver Connection to [jdbc:h2:mem:testdb;DB_CLOSE_DELAY=-1;DB_CLOSE_ON_EXIT=false]
15:55:38.334 [main] DEBUG org.springframework.jdbc.core.JdbcTemplate -- Executing SQL update [DELETE FROM Map]
15:55:38.335 [main] DEBUG org.springframework.jdbc.datasource.DataSourceUtils -- Fetching JDBC Connection from DataSource
15:55:38.335 [main] DEBUG org.springframework.jdbc.datasource.SimpleDriverDataSource -- Creating new JDBC Driver Connection to [jdbc:h2:mem:testdb;DB_CLOSE_DELAY=-1;DB_CLOSE_ON_EXIT=false]
15:55:38.339 [main] DEBUG org.springframework.jdbc.core.JdbcTemplate -- Executing SQL update [INSERT INTO Map (id_map, ligne, colonne, chemin_image) VALUES (1, 5, 8, 'test_map.png')]
15:55:38.340 [main] DEBUG org.springframework.jdbc.datasource.DataSourceUtils -- Fetching JDBC Connection from DataSource
15:55:38.340 [main] DEBUG org.springframework.jdbc.datasource.SimpleDriverDataSource -- Creating new JDBC Driver Connection to [jdbc:h2:mem:testdb;DB_CLOSE_DELAY=-1;DB_CLOSE_ON_EXIT=false]
15:55:38.342 [main] DEBUG org.springframework.jdbc.core.JdbcTemplate -- Executing SQL update [INSERT INTO Zombie (id_zombie, nom, point_de_vie, attaque_par_seconde, degat_attaque, vitesse_de_deplacement, chemin_image, id_map) VALUES (1, 'Test Zombie', 100, 1.0, 10, 0.5, 'test_zombie.png', 1)]
15:55:38.342 [main] DEBUG org.springframework.jdbc.datasource.DataSourceUtils -- Fetching JDBC Connection from DataSource
15:55:38.342 [main] DEBUG org.springframework.jdbc.datasource.SimpleDriverDataSource -- Creating new JDBC Driver Connection to [jdbc:h2:mem:testdb;DB_CLOSE_DELAY=-1;DB_CLOSE_ON_EXIT=false]
15:55:38.345 [main] DEBUG org.springframework.test.context.cache -- Spring test ApplicationContext cache statistics: [DefaultContextCache@240139e1 size = 1, maxSize = 32, parentContextCount = 0, hitCount = 36, missCount = 1, failureCount = 0]
15:55:38.347 [main] DEBUG org.springframework.jdbc.core.JdbcTemplate -- Executing prepared SQL update
15:55:38.347 [main] DEBUG org.springframework.jdbc.core.JdbcTemplate -- Executing prepared SQL statement [DELETE FROM Zombie WHERE id_zombie = ?]
15:55:38.347 [main] DEBUG org.springframework.jdbc.datasource.DataSourceUtils -- Fetching JDBC Connection from DataSource
15:55:38.347 [main] DEBUG org.springframework.jdbc.datasource.SimpleDriverDataSource -- Creating new JDBC Driver Connection to [jdbc:h2:mem:testdb;DB_CLOSE_DELAY=-1;DB_CLOSE_ON_EXIT=false]
15:55:38.349 [main] DEBUG org.springframework.jdbc.core.JdbcTemplate -- Executing prepared SQL query
15:55:38.349 [main] DEBUG org.springframework.jdbc.core.JdbcTemplate -- Executing prepared SQL statement [SELECT * FROM Zombie WHERE id_zombie = ?]
15:55:38.349 [main] DEBUG org.springframework.jdbc.datasource.DataSourceUtils -- Fetching JDBC Connection from DataSource
15:55:38.350 [main] DEBUG org.springframework.jdbc.datasource.SimpleDriverDataSource -- Creating new JDBC Driver Connection to [jdbc:h2:mem:testdb;DB_CLOSE_DELAY=-1;DB_CLOSE_ON_EXIT=false]
15:55:38.353 [main] DEBUG org.springframework.test.context.cache -- Spring test ApplicationContext cache statistics: [DefaultContextCache@240139e1 size = 1, maxSize = 32, parentContextCount = 0, hitCount = 37, missCount = 1, failureCount = 0]
15:55:38.353 [main] DEBUG org.springframework.test.context.cache -- Spring test ApplicationContext cache statistics: [DefaultContextCache@240139e1 size = 1, maxSize = 32, parentContextCount = 0, hitCount = 38, missCount = 1, failureCount = 0]
15:55:38.354 [main] DEBUG org.springframework.test.context.cache -- Spring test ApplicationContext cache statistics: [DefaultContextCache@240139e1 size = 1, maxSize = 32, parentContextCount = 0, hitCount = 39, missCount = 1, failureCount = 0]
15:55:38.354 [main] DEBUG org.springframework.test.context.support.DirtiesContextTestExecutionListener -- After test method: class [ZombieDaoImplTest], method [testDeleteById], class annotated with @DirtiesContext [false] with mode [null], method annotated with @DirtiesContext [false] with mode [null]
]]></system-out>
  </testcase>
  <testcase name="testUpdate" classname="com.oxyl.epf.dao.impl.ZombieDaoImplTest" time="0.024">
    <system-out><![CDATA[15:55:38.357 [main] DEBUG org.springframework.test.context.support.DependencyInjectionTestExecutionListener -- Performing dependency injection for test class com.oxyl.epf.dao.impl.ZombieDaoImplTest
15:55:38.358 [main] DEBUG org.springframework.test.context.cache -- Spring test ApplicationContext cache statistics: [DefaultContextCache@240139e1 size = 1, maxSize = 32, parentContextCount = 0, hitCount = 40, missCount = 1, failureCount = 0]
15:55:38.358 [main] DEBUG org.springframework.test.context.cache -- Spring test ApplicationContext cache statistics: [DefaultContextCache@240139e1 size = 1, maxSize = 32, parentContextCount = 0, hitCount = 41, missCount = 1, failureCount = 0]
15:55:38.360 [main] DEBUG org.springframework.test.context.support.DirtiesContextBeforeModesTestExecutionListener -- Before test method: class [ZombieDaoImplTest], method [testUpdate], class annotated with @DirtiesContext [false] with mode [null], method annotated with @DirtiesContext [false] with mode [null]
15:55:38.361 [main] DEBUG org.springframework.test.context.cache -- Spring test ApplicationContext cache statistics: [DefaultContextCache@240139e1 size = 1, maxSize = 32, parentContextCount = 0, hitCount = 42, missCount = 1, failureCount = 0]
15:55:38.361 [main] DEBUG org.springframework.test.context.cache -- Spring test ApplicationContext cache statistics: [DefaultContextCache@240139e1 size = 1, maxSize = 32, parentContextCount = 0, hitCount = 43, missCount = 1, failureCount = 0]
15:55:38.361 [main] DEBUG org.springframework.jdbc.core.JdbcTemplate -- Executing SQL update [DELETE FROM Zombie]
15:55:38.361 [main] DEBUG org.springframework.jdbc.datasource.DataSourceUtils -- Fetching JDBC Connection from DataSource
15:55:38.361 [main] DEBUG org.springframework.jdbc.datasource.SimpleDriverDataSource -- Creating new JDBC Driver Connection to [jdbc:h2:mem:testdb;DB_CLOSE_DELAY=-1;DB_CLOSE_ON_EXIT=false]
15:55:38.363 [main] DEBUG org.springframework.jdbc.core.JdbcTemplate -- Executing SQL update [DELETE FROM Map]
15:55:38.363 [main] DEBUG org.springframework.jdbc.datasource.DataSourceUtils -- Fetching JDBC Connection from DataSource
15:55:38.363 [main] DEBUG org.springframework.jdbc.datasource.SimpleDriverDataSource -- Creating new JDBC Driver Connection to [jdbc:h2:mem:testdb;DB_CLOSE_DELAY=-1;DB_CLOSE_ON_EXIT=false]
15:55:38.365 [main] DEBUG org.springframework.jdbc.core.JdbcTemplate -- Executing SQL update [INSERT INTO Map (id_map, ligne, colonne, chemin_image) VALUES (1, 5, 8, 'test_map.png')]
15:55:38.365 [main] DEBUG org.springframework.jdbc.datasource.DataSourceUtils -- Fetching JDBC Connection from DataSource
15:55:38.366 [main] DEBUG org.springframework.jdbc.datasource.SimpleDriverDataSource -- Creating new JDBC Driver Connection to [jdbc:h2:mem:testdb;DB_CLOSE_DELAY=-1;DB_CLOSE_ON_EXIT=false]
15:55:38.367 [main] DEBUG org.springframework.jdbc.core.JdbcTemplate -- Executing SQL update [INSERT INTO Zombie (id_zombie, nom, point_de_vie, attaque_par_seconde, degat_attaque, vitesse_de_deplacement, chemin_image, id_map) VALUES (1, 'Test Zombie', 100, 1.0, 10, 0.5, 'test_zombie.png', 1)]
15:55:38.368 [main] DEBUG org.springframework.jdbc.datasource.DataSourceUtils -- Fetching JDBC Connection from DataSource
15:55:38.368 [main] DEBUG org.springframework.jdbc.datasource.SimpleDriverDataSource -- Creating new JDBC Driver Connection to [jdbc:h2:mem:testdb;DB_CLOSE_DELAY=-1;DB_CLOSE_ON_EXIT=false]
15:55:38.369 [main] DEBUG org.springframework.test.context.cache -- Spring test ApplicationContext cache statistics: [DefaultContextCache@240139e1 size = 1, maxSize = 32, parentContextCount = 0, hitCount = 44, missCount = 1, failureCount = 0]
15:55:38.370 [main] DEBUG org.springframework.jdbc.core.JdbcTemplate -- Executing prepared SQL query
15:55:38.370 [main] DEBUG org.springframework.jdbc.core.JdbcTemplate -- Executing prepared SQL statement [SELECT * FROM Zombie WHERE id_zombie = ?]
15:55:38.370 [main] DEBUG org.springframework.jdbc.datasource.DataSourceUtils -- Fetching JDBC Connection from DataSource
15:55:38.370 [main] DEBUG org.springframework.jdbc.datasource.SimpleDriverDataSource -- Creating new JDBC Driver Connection to [jdbc:h2:mem:testdb;DB_CLOSE_DELAY=-1;DB_CLOSE_ON_EXIT=false]
15:55:38.371 [main] DEBUG org.springframework.jdbc.core.JdbcTemplate -- Executing prepared SQL query
15:55:38.372 [main] DEBUG org.springframework.jdbc.core.JdbcTemplate -- Executing prepared SQL statement [SELECT COUNT(*) FROM Map WHERE id_map = ?]
15:55:38.372 [main] DEBUG org.springframework.jdbc.datasource.DataSourceUtils -- Fetching JDBC Connection from DataSource
15:55:38.372 [main] DEBUG org.springframework.jdbc.datasource.SimpleDriverDataSource -- Creating new JDBC Driver Connection to [jdbc:h2:mem:testdb;DB_CLOSE_DELAY=-1;DB_CLOSE_ON_EXIT=false]
15:55:38.373 [main] DEBUG org.springframework.jdbc.core.JdbcTemplate -- Executing prepared SQL update
15:55:38.373 [main] DEBUG org.springframework.jdbc.core.JdbcTemplate -- Executing prepared SQL statement [UPDATE Zombie SET nom=?, point_de_vie=?, attaque_par_seconde=?, degat_attaque=?, vitesse_de_deplacement=?, chemin_image=?, id_map=? WHERE id_zombie=?]
15:55:38.373 [main] DEBUG org.springframework.jdbc.datasource.DataSourceUtils -- Fetching JDBC Connection from DataSource
15:55:38.373 [main] DEBUG org.springframework.jdbc.datasource.SimpleDriverDataSource -- Creating new JDBC Driver Connection to [jdbc:h2:mem:testdb;DB_CLOSE_DELAY=-1;DB_CLOSE_ON_EXIT=false]
15:55:38.377 [main] DEBUG org.springframework.jdbc.core.JdbcTemplate -- Executing prepared SQL query
15:55:38.377 [main] DEBUG org.springframework.jdbc.core.JdbcTemplate -- Executing prepared SQL statement [SELECT * FROM Zombie WHERE id_zombie = ?]
15:55:38.377 [main] DEBUG org.springframework.jdbc.datasource.DataSourceUtils -- Fetching JDBC Connection from DataSource
15:55:38.377 [main] DEBUG org.springframework.jdbc.datasource.SimpleDriverDataSource -- Creating new JDBC Driver Connection to [jdbc:h2:mem:testdb;DB_CLOSE_DELAY=-1;DB_CLOSE_ON_EXIT=false]
15:55:38.381 [main] DEBUG org.springframework.test.context.cache -- Spring test ApplicationContext cache statistics: [DefaultContextCache@240139e1 size = 1, maxSize = 32, parentContextCount = 0, hitCount = 45, missCount = 1, failureCount = 0]
15:55:38.381 [main] DEBUG org.springframework.test.context.cache -- Spring test ApplicationContext cache statistics: [DefaultContextCache@240139e1 size = 1, maxSize = 32, parentContextCount = 0, hitCount = 46, missCount = 1, failureCount = 0]
15:55:38.381 [main] DEBUG org.springframework.test.context.cache -- Spring test ApplicationContext cache statistics: [DefaultContextCache@240139e1 size = 1, maxSize = 32, parentContextCount = 0, hitCount = 47, missCount = 1, failureCount = 0]
15:55:38.382 [main] DEBUG org.springframework.test.context.support.DirtiesContextTestExecutionListener -- After test method: class [ZombieDaoImplTest], method [testUpdate], class annotated with @DirtiesContext [false] with mode [null], method annotated with @DirtiesContext [false] with mode [null]
]]></system-out>
  </testcase>
</testsuite>